#
# A fatal error has been detected by the Java Runtime Environment:
#
#  SIGFPE (0x8) at pc=0x00000001105f9608, pid=27228, tid=0x0000000000026d03
#
# JRE version: OpenJDK Runtime Environment (8.0_242) (build 1.8.0_242-release-1644-b3-6915495)
# Java VM: OpenJDK 64-Bit Server VM (25.242-b3-6915495 mixed mode bsd-amd64 compressed oops)
# Problematic frame:
# j  com.sun.tools.javac.comp.ConstFold.fold2(ILcom/sun/tools/javac/code/Type;Lcom/sun/tools/javac/code/Type;)Lcom/sun/tools/javac/code/Type;+877
#
# Failed to write core dump. Core dumps have been disabled. To enable core dumping, try "ulimit -c unlimited" before starting Java again
#
# If you would like to submit a bug report, please visit:
#   http://bugreport.java.com/bugreport/crash.jsp
#

---------------  T H R E A D  ---------------

Current thread (0x00007fe9385d6000):  JavaThread "Execution worker for ':' Thread 4" [_thread_in_Java, id=158979, stack(0x00000003117f4000,0x00000003118f4000)]

siginfo: si_signo: 8 (SIGFPE), si_code: 5 (FPE_FLTINV), si_addr: 0x00000001105f9608

Registers:
RAX=0x0000000000000001, RBX=0x000000000000006c, RCX=0x0000000000000000, RDX=0x0000000000000000
RSP=0x00000003118eda40, RBP=0x00000003118eda88, RSI=0x00000003118ed9e0, RDI=0x00007fe9385d6000
R8 =0x0000000000000000, R9 =0x0000000000000001, R10=0x000000010f02f300, R11=0x0000000110abc140
R12=0x0000000000000000, R13=0x000000012cfa2be0, R14=0x00000003118edac0, R15=0x00007fe9385d6000
RIP=0x00000001105f9608, EFLAGS=0x0000000000000a83, ERR=0x0000000000000000
  TRAPNO=0x0000000000000000

Top of Stack: (sp=0x00000003118eda40)
0x00000003118eda40:   00000007a169a3a8 00000003118eda48
0x00000003118eda50:   000000012cfa2bdd 00000003118edac0
0x00000003118eda60:   000000012cfa38e0 0000000000000000
0x00000003118eda70:   000000012cfa3470 0000000000000000
0x00000003118eda80:   00000003118edaa8 00000003118edb08
0x00000003118eda90:   00000001105e4d80 00000007401dcda8
0x00000003118edaa0:   000000074029f190 00000007a3aa3ab0
0x00000003118edab0:   00000007a3aa3a90 000000000000006c
0x00000003118edac0:   00000007a19f32a0 00000003118edac8
0x00000003118edad0:   000000012cf3464a 00000003118edb50
0x00000003118edae0:   000000012cf69c30 0000000000000000
0x00000003118edaf0:   000000012cf346e8 00000003118edaa8
0x00000003118edb00:   00000003118edb48 00000003118edb98
0x00000003118edb10:   00000001105e4ffd 0000000000000000
0x00000003118edb20:   000000000000006c 00000007a169a3a8
0x00000003118edb30:   00000007a16b9ab8 00000007a3aa3ab0
0x00000003118edb40:   00000007a3aa3a90 00000007a1c81128
0x00000003118edb50:   00000007a1966658 00000003118edb58
0x00000003118edb60:   000000012cf569ca 00000003118edbb0
0x00000003118edb70:   000000012d089b28 0000000000000000
0x00000003118edb80:   000000012cf569d8 00000003118edb48
0x00000003118edb90:   00000003118edbc0 00000003118edcb8
0x00000003118edba0:   000000011078675c 00000007a1966658
0x00000003118edbb0:   00000007a1c81128 000000011078675c
0x00000003118edbc0:   00000007a17bea20 00000007a169a3a8
0x00000003118edbd0:   000000000000000c 00000007a1966658
0x00000003118edbe0:   00000007a3aa3a70 00000003118edbe8
0x00000003118edbf0:   000000012cf1e4d3 00000007a1966658
0x00000003118edc00:   00000007a1c81128 00000007a3aa3a70
0x00000003118edc10:   00000007a3aa3928 00000007a1a5c650
0x00000003118edc20:   00000007a3aa3a10 00000003118edcb8
0x00000003118edc30:   00000001105e4ffd 00000007a169a3a8 

Instructions: (pc=0x00000001105f9608)
0x00000001105f95e8:   c8 8b 04 24 48 83 c4 08 81 f8 00 00 00 80 0f 85
0x00000001105f95f8:   0b 00 00 00 33 d2 83 f9 ff 0f 84 03 00 00 00 99
0x00000001105f9608:   f7 f9 41 0f b6 5d 01 49 ff c5 49 ba 00 f3 02 0f
0x00000001105f9618:   01 00 00 00 41 ff 24 da 80 00 00 00 00 00 00 00 

Register to memory mapping:

RAX=0x0000000000000001 is an unknown value
RBX=0x000000000000006c is an unknown value
RCX=0x0000000000000000 is an unknown value
RDX=0x0000000000000000 is an unknown value
RSP=0x00000003118eda40 is pointing into the stack for thread: 0x00007fe9385d6000
RBP=0x00000003118eda88 is pointing into the stack for thread: 0x00007fe9385d6000
RSI=0x00000003118ed9e0 is pointing into the stack for thread: 0x00007fe9385d6000
RDI=0x00007fe9385d6000 is a thread
R8 =0x0000000000000000 is an unknown value
R9 =0x0000000000000001 is an unknown value
R10=0x000000010f02f300: _ZN19TemplateInterpreter13_active_tableE+0x2000 in /Applications/Android Studio.app/Contents/jre/jdk/Contents/Home/jre/lib/server/libjvm.dylib at 0x000000010e800000
R11=0x0000000110abc140 is at entry_point+32 in (nmethod*)0x0000000110abbfd0
R12=0x0000000000000000 is an unknown value
R13=0x000000012cfa2be0 is pointing into metadata
R14=0x00000003118edac0 is pointing into the stack for thread: 0x00007fe9385d6000
R15=0x00007fe9385d6000 is a thread


Stack: [0x00000003117f4000,0x00000003118f4000],  sp=0x00000003118eda40,  free space=998k
Native frames: (J=compiled Java code, j=interpreted, Vv=VM code, C=native code)
j  com.sun.tools.javac.comp.ConstFold.fold2(ILcom/sun/tools/javac/code/Type;Lcom/sun/tools/javac/code/Type;)Lcom/sun/tools/javac/code/Type;+877
j  com.sun.tools.javac.comp.Attr.visitBinary(Lcom/sun/tools/javac/tree/JCTree$JCBinary;)V+178
j  com.sun.tools.javac.tree.JCTree$JCBinary.accept(Lcom/sun/tools/javac/tree/JCTree$Visitor;)V+2
J 8407 C1 com.sun.tools.javac.comp.Attr.attribTree(Lcom/sun/tools/javac/tree/JCTree;Lcom/sun/tools/javac/comp/Env;Lcom/sun/tools/javac/comp/Attr$ResultInfo;)Lcom/sun/tools/javac/code/Type; (148 bytes) @ 0x000000011078675c [0x00000001107865e0+0x17c]
j  com.sun.tools.javac.comp.Attr.attribExpr(Lcom/sun/tools/javac/tree/JCTree;Lcom/sun/tools/javac/comp/Env;Lcom/sun/tools/javac/code/Type;)Lcom/sun/tools/javac/code/Type;+30
j  com.sun.tools.javac.comp.Attr.visitVarDef(Lcom/sun/tools/javac/tree/JCTree$JCVariableDecl;)V+360
J 8413 C1 com.sun.tools.javac.tree.JCTree$JCVariableDecl.accept(Lcom/sun/tools/javac/tree/JCTree$Visitor;)V (6 bytes) @ 0x0000000110a38e0c [0x0000000110a38d00+0x10c]
J 8407 C1 com.sun.tools.javac.comp.Attr.attribTree(Lcom/sun/tools/javac/tree/JCTree;Lcom/sun/tools/javac/comp/Env;Lcom/sun/tools/javac/comp/Attr$ResultInfo;)Lcom/sun/tools/javac/code/Type; (148 bytes) @ 0x000000011078675c [0x00000001107865e0+0x17c]
j  com.sun.tools.javac.comp.Attr.attribStat(Lcom/sun/tools/javac/tree/JCTree;Lcom/sun/tools/javac/comp/Env;)Lcom/sun/tools/javac/code/Type;+7
j  com.sun.tools.javac.comp.Attr.attribStats(Lcom/sun/tools/javac/util/List;Lcom/sun/tools/javac/comp/Env;)V+18
j  com.sun.tools.javac.comp.Attr.visitBlock(Lcom/sun/tools/javac/tree/JCTree$JCBlock;)V+318
j  com.sun.tools.javac.tree.JCTree$JCBlock.accept(Lcom/sun/tools/javac/tree/JCTree$Visitor;)V+2
J 8407 C1 com.sun.tools.javac.comp.Attr.attribTree(Lcom/sun/tools/javac/tree/JCTree;Lcom/sun/tools/javac/comp/Env;Lcom/sun/tools/javac/comp/Attr$ResultInfo;)Lcom/sun/tools/javac/code/Type; (148 bytes) @ 0x000000011078675c [0x00000001107865e0+0x17c]
j  com.sun.tools.javac.comp.Attr.attribStat(Lcom/sun/tools/javac/tree/JCTree;Lcom/sun/tools/javac/comp/Env;)Lcom/sun/tools/javac/code/Type;+7
j  com.sun.tools.javac.comp.Attr.visitMethodDef(Lcom/sun/tools/javac/tree/JCTree$JCMethodDecl;)V+1117
j  com.sun.tools.javac.tree.JCTree$JCMethodDecl.accept(Lcom/sun/tools/javac/tree/JCTree$Visitor;)V+2
J 8407 C1 com.sun.tools.javac.comp.Attr.attribTree(Lcom/sun/tools/javac/tree/JCTree;Lcom/sun/tools/javac/comp/Env;Lcom/sun/tools/javac/comp/Attr$ResultInfo;)Lcom/sun/tools/javac/code/Type; (148 bytes) @ 0x000000011078675c [0x00000001107865e0+0x17c]
j  com.sun.tools.javac.comp.Attr.attribStat(Lcom/sun/tools/javac/tree/JCTree;Lcom/sun/tools/javac/comp/Env;)Lcom/sun/tools/javac/code/Type;+7
j  com.sun.tools.javac.comp.Attr.attribClassBody(Lcom/sun/tools/javac/comp/Env;Lcom/sun/tools/javac/code/Symbol$ClassSymbol;)V+472
j  com.sun.tools.javac.comp.Attr.attribClass(Lcom/sun/tools/javac/code/Symbol$ClassSymbol;)V+392
j  com.sun.tools.javac.comp.Attr.attribClass(Lcom/sun/tools/javac/util/JCDiagnostic$DiagnosticPosition;Lcom/sun/tools/javac/code/Symbol$ClassSymbol;)V+9
j  com.sun.tools.javac.comp.Attr.visitClassDef(Lcom/sun/tools/javac/tree/JCTree$JCClassDecl;)V+168
j  com.sun.tools.javac.tree.JCTree$JCClassDecl.accept(Lcom/sun/tools/javac/tree/JCTree$Visitor;)V+2
J 8407 C1 com.sun.tools.javac.comp.Attr.attribTree(Lcom/sun/tools/javac/tree/JCTree;Lcom/sun/tools/javac/comp/Env;Lcom/sun/tools/javac/comp/Attr$ResultInfo;)Lcom/sun/tools/javac/code/Type; (148 bytes) @ 0x000000011078675c [0x00000001107865e0+0x17c]
j  com.sun.tools.javac.comp.Attr.attribStat(Lcom/sun/tools/javac/tree/JCTree;Lcom/sun/tools/javac/comp/Env;)Lcom/sun/tools/javac/code/Type;+7
j  com.sun.tools.javac.comp.Attr.visitNewClass(Lcom/sun/tools/javac/tree/JCTree$JCNewClass;)V+1490
j  com.sun.tools.javac.tree.JCTree$JCNewClass.accept(Lcom/sun/tools/javac/tree/JCTree$Visitor;)V+2
J 8407 C1 com.sun.tools.javac.comp.Attr.attribTree(Lcom/sun/tools/javac/tree/JCTree;Lcom/sun/tools/javac/comp/Env;Lcom/sun/tools/javac/comp/Attr$ResultInfo;)Lcom/sun/tools/javac/code/Type; (148 bytes) @ 0x000000011078675c [0x00000001107865e0+0x17c]
j  com.sun.tools.javac.comp.Attr.attribArgs(ILcom/sun/tools/javac/util/List;Lcom/sun/tools/javac/comp/Env;Lcom/sun/tools/javac/util/ListBuffer;)I+96
j  com.sun.tools.javac.comp.Attr.visitApply(Lcom/sun/tools/javac/tree/JCTree$JCMethodInvocation;)V+602
J 8365 C1 com.sun.tools.javac.tree.JCTree$JCMethodInvocation.accept(Lcom/sun/tools/javac/tree/JCTree$Visitor;)V (6 bytes) @ 0x0000000110c0d10c [0x0000000110c0d000+0x10c]
J 8407 C1 com.sun.tools.javac.comp.Attr.attribTree(Lcom/sun/tools/javac/tree/JCTree;Lcom/sun/tools/javac/comp/Env;Lcom/sun/tools/javac/comp/Attr$ResultInfo;)Lcom/sun/tools/javac/code/Type; (148 bytes) @ 0x000000011078675c [0x00000001107865e0+0x17c]
j  com.sun.tools.javac.comp.Attr.attribExpr(Lcom/sun/tools/javac/tree/JCTree;Lcom/sun/tools/javac/comp/Env;)Lcom/sun/tools/javac/code/Type;+7
j  com.sun.tools.javac.comp.Attr.visitExec(Lcom/sun/tools/javac/tree/JCTree$JCExpressionStatement;)V+15
J 8383 C1 com.sun.tools.javac.tree.JCTree$JCExpressionStatement.accept(Lcom/sun/tools/javac/tree/JCTree$Visitor;)V (6 bytes) @ 0x0000000111c8b60c [0x0000000111c8b500+0x10c]
J 8407 C1 com.sun.tools.javac.comp.Attr.attribTree(Lcom/sun/tools/javac/tree/JCTree;Lcom/sun/tools/javac/comp/Env;Lcom/sun/tools/javac/comp/Attr$ResultInfo;)Lcom/sun/tools/javac/code/Type; (148 bytes) @ 0x000000011078675c [0x00000001107865e0+0x17c]
j  com.sun.tools.javac.comp.Attr.attribStat(Lcom/sun/tools/javac/tree/JCTree;Lcom/sun/tools/javac/comp/Env;)Lcom/sun/tools/javac/code/Type;+7
j  com.sun.tools.javac.comp.Attr.attribStats(Lcom/sun/tools/javac/util/List;Lcom/sun/tools/javac/comp/Env;)V+18
j  com.sun.tools.javac.comp.Attr.visitBlock(Lcom/sun/tools/javac/tree/JCTree$JCBlock;)V+318
j  com.sun.tools.javac.tree.JCTree$JCBlock.accept(Lcom/sun/tools/javac/tree/JCTree$Visitor;)V+2
J 8407 C1 com.sun.tools.javac.comp.Attr.attribTree(Lcom/sun/tools/javac/tree/JCTree;Lcom/sun/tools/javac/comp/Env;Lcom/sun/tools/javac/comp/Attr$ResultInfo;)Lcom/sun/tools/javac/code/Type; (148 bytes) @ 0x000000011078675c [0x00000001107865e0+0x17c]
j  com.sun.tools.javac.comp.Attr.attribStat(Lcom/sun/tools/javac/tree/JCTree;Lcom/sun/tools/javac/comp/Env;)Lcom/sun/tools/javac/code/Type;+7
j  com.sun.tools.javac.comp.Attr.visitMethodDef(Lcom/sun/tools/javac/tree/JCTree$JCMethodDecl;)V+1117
j  com.sun.tools.javac.tree.JCTree$JCMethodDecl.accept(Lcom/sun/tools/javac/tree/JCTree$Visitor;)V+2
J 8407 C1 com.sun.tools.javac.comp.Attr.attribTree(Lcom/sun/tools/javac/tree/JCTree;Lcom/sun/tools/javac/comp/Env;Lcom/sun/tools/javac/comp/Attr$ResultInfo;)Lcom/sun/tools/javac/code/Type; (148 bytes) @ 0x000000011078675c [0x00000001107865e0+0x17c]
j  com.sun.tools.javac.comp.Attr.attribStat(Lcom/sun/tools/javac/tree/JCTree;Lcom/sun/tools/javac/comp/Env;)Lcom/sun/tools/javac/code/Type;+7
j  com.sun.tools.javac.comp.Attr.attribClassBody(Lcom/sun/tools/javac/comp/Env;Lcom/sun/tools/javac/code/Symbol$ClassSymbol;)V+472
j  com.sun.tools.javac.comp.Attr.attribClass(Lcom/sun/tools/javac/code/Symbol$ClassSymbol;)V+392
j  com.sun.tools.javac.comp.Attr.attribClass(Lcom/sun/tools/javac/util/JCDiagnostic$DiagnosticPosition;Lcom/sun/tools/javac/code/Symbol$ClassSymbol;)V+9
j  com.sun.tools.javac.comp.Attr.attrib(Lcom/sun/tools/javac/comp/Env;)V+36
j  com.sun.tools.javac.main.JavaCompiler.attribute(Lcom/sun/tools/javac/comp/Env;)Lcom/sun/tools/javac/comp/Env;+176
j  com.sun.tools.javac.main.JavaCompiler.compile2()V+177
j  com.sun.tools.javac.main.JavaCompiler.compile(Lcom/sun/tools/javac/util/List;Lcom/sun/tools/javac/util/List;Ljava/lang/Iterable;)V+165
j  com.sun.tools.javac.main.Main.compile([Ljava/lang/String;[Ljava/lang/String;Lcom/sun/tools/javac/util/Context;Lcom/sun/tools/javac/util/List;Ljava/lang/Iterable;)Lcom/sun/tools/javac/main/Main$Result;+1299
j  com.sun.tools.javac.api.JavacTaskImpl.doCall()Lcom/sun/tools/javac/main/Main$Result;+59
j  com.sun.tools.javac.api.JavacTaskImpl.call()Ljava/lang/Boolean;+1
j  org.gradle.internal.compiler.java.IncrementalCompileTask.call()Ljava/lang/Boolean;+37
j  org.gradle.api.internal.tasks.compile.AnnotationProcessingCompileTask.call()Ljava/lang/Boolean;+30
j  org.gradle.api.internal.tasks.compile.ResourceCleaningCompilationTask.call()Ljava/lang/Boolean;+4
j  org.gradle.api.internal.tasks.compile.JdkJavaCompiler.execute(Lorg/gradle/api/internal/tasks/compile/JavaCompileSpec;)Lorg/gradle/api/tasks/WorkResult;+26
j  org.gradle.api.internal.tasks.compile.JdkJavaCompiler.execute(Lorg/gradle/language/base/internal/compile/CompileSpec;)Lorg/gradle/api/tasks/WorkResult;+5
j  org.gradle.api.internal.tasks.compile.NormalizingJavaCompiler.delegateAndHandleErrors(Lorg/gradle/api/internal/tasks/compile/JavaCompileSpec;)Lorg/gradle/api/tasks/WorkResult;+5
j  org.gradle.api.internal.tasks.compile.NormalizingJavaCompiler.execute(Lorg/gradle/api/internal/tasks/compile/JavaCompileSpec;)Lorg/gradle/api/tasks/WorkResult;+22
j  org.gradle.api.internal.tasks.compile.NormalizingJavaCompiler.execute(Lorg/gradle/language/base/internal/compile/CompileSpec;)Lorg/gradle/api/tasks/WorkResult;+5
j  org.gradle.api.internal.tasks.compile.AnnotationProcessorDiscoveringCompiler.execute(Lorg/gradle/api/internal/tasks/compile/JavaCompileSpec;)Lorg/gradle/api/tasks/WorkResult;+18
j  org.gradle.api.internal.tasks.compile.AnnotationProcessorDiscoveringCompiler.execute(Lorg/gradle/language/base/internal/compile/CompileSpec;)Lorg/gradle/api/tasks/WorkResult;+5
j  org.gradle.api.internal.tasks.compile.ModuleApplicationNameWritingCompiler.execute(Lorg/gradle/api/internal/tasks/compile/JavaCompileSpec;)Lorg/gradle/api/tasks/WorkResult;+5
j  org.gradle.api.internal.tasks.compile.ModuleApplicationNameWritingCompiler.execute(Lorg/gradle/language/base/internal/compile/CompileSpec;)Lorg/gradle/api/tasks/WorkResult;+5
j  org.gradle.api.internal.tasks.compile.CleaningJavaCompiler.execute(Lorg/gradle/api/internal/tasks/compile/JavaCompileSpec;)Lorg/gradle/api/tasks/WorkResult;+72
j  org.gradle.api.internal.tasks.compile.incremental.IncrementalCompilerFactory.lambda$createRebuildAllCompiler$0(Lorg/gradle/api/file/FileTree;Lorg/gradle/api/internal/tasks/compile/CleaningJavaCompiler;Lorg/gradle/api/internal/tasks/compile/JavaCompileSpec;)Lorg/gradle/api/tasks/WorkResult;+9
j  org.gradle.api.internal.tasks.compile.incremental.IncrementalCompilerFactory$$Lambda$718.execute(Lorg/gradle/language/base/internal/compile/CompileSpec;)Lorg/gradle/api/tasks/WorkResult;+12
j  org.gradle.api.internal.tasks.compile.incremental.IncrementalResultStoringCompiler.execute(Lorg/gradle/api/internal/tasks/compile/JavaCompileSpec;)Lorg/gradle/api/tasks/WorkResult;+5
j  org.gradle.api.internal.tasks.compile.incremental.IncrementalResultStoringCompiler.execute(Lorg/gradle/language/base/internal/compile/CompileSpec;)Lorg/gradle/api/tasks/WorkResult;+5
j  org.gradle.api.internal.tasks.compile.CompileJavaBuildOperationReportingCompiler$2.call(Lorg/gradle/internal/operations/BuildOperationContext;)Lorg/gradle/api/tasks/WorkResult;+11
j  org.gradle.api.internal.tasks.compile.CompileJavaBuildOperationReportingCompiler$2.call(Lorg/gradle/internal/operations/BuildOperationContext;)Ljava/lang/Object;+2
J 6845 C1 org.gradle.internal.operations.DefaultBuildOperationExecutor$CallableBuildOperationWorker.execute(Lorg/gradle/internal/operations/BuildOperation;Lorg/gradle/internal/operations/BuildOperationContext;)V (10 bytes) @ 0x00000001118b6704 [0x00000001118b64a0+0x264]
J 4976 C1 org.gradle.internal.operations.DefaultBuildOperationExecutor$1.execute(Lorg/gradle/internal/operations/BuildOperationDescriptor;Lorg/gradle/internal/operations/DefaultBuildOperationExecutor$DefaultBuildOperationContext;Lorg/gradle/internal/operations/DefaultBuildOperationExecutor$BuildOperationExecutionListener;)Lorg/gradle/internal/operations/BuildOperation; (82 bytes) @ 0x000000011173ccfc [0x000000011173cb80+0x17c]
J 4757 C1 org.gradle.internal.operations.DefaultBuildOperationExecutor.execute(Lorg/gradle/internal/operations/BuildOperationDescriptor$Builder;Lorg/gradle/internal/operations/DefaultBuildOperationExecutor$BuildOperationState;Lorg/gradle/internal/operations/DefaultBuildOperationExecutor$BuildOperationExecution;)Lorg/gradle/internal/operations/BuildOperation; (111 bytes) @ 0x000000011167acec [0x0000000111679d40+0xfac]
J 6842 C1 org.gradle.internal.operations.DefaultBuildOperationExecutor.call(Lorg/gradle/internal/operations/CallableBuildOperation;)Ljava/lang/Object; (38 bytes) @ 0x00000001118b513c [0x00000001118b4a20+0x71c]
J 6841 C1 org.gradle.internal.operations.DelegatingBuildOperationExecutor.call(Lorg/gradle/internal/operations/CallableBuildOperation;)Ljava/lang/Object; (11 bytes) @ 0x00000001118b460c [0x00000001118b4500+0x10c]
j  org.gradle.api.internal.tasks.compile.CompileJavaBuildOperationReportingCompiler.execute(Lorg/gradle/api/internal/tasks/compile/JavaCompileSpec;)Lorg/gradle/api/tasks/WorkResult;+13
j  org.gradle.api.tasks.compile.JavaCompile.performCompilation(Lorg/gradle/api/internal/tasks/compile/JavaCompileSpec;Lorg/gradle/language/base/internal/compile/Compiler;)Lorg/gradle/api/tasks/WorkResult;+24
j  org.gradle.api.tasks.compile.JavaCompile.performIncrementalCompilation(Lorg/gradle/work/InputChanges;Lorg/gradle/api/internal/tasks/compile/DefaultJavaCompileSpec;)V+98
j  org.gradle.api.tasks.compile.JavaCompile.compile(Lorg/gradle/work/InputChanges;)V+26
v  ~StubRoutines::call_stub
V  [libjvm.dylib+0x2cc647]  JavaCalls::call_helper(JavaValue*, methodHandle*, JavaCallArguments*, Thread*)+0x69b
V  [libjvm.dylib+0x4a4f78]  Reflection::invoke(instanceKlassHandle, methodHandle, Handle, bool, objArrayHandle, BasicType, objArrayHandle, bool, Thread*)+0x79c
V  [libjvm.dylib+0x4a5bc0]  Reflection::invoke_method(oopDesc*, Handle, objArrayHandle, Thread*)+0x17c
V  [libjvm.dylib+0x3203b2]  JVM_InvokeMethod+0x20f
J 1795  sun.reflect.NativeMethodAccessorImpl.invoke0(Ljava/lang/reflect/Method;Ljava/lang/Object;[Ljava/lang/Object;)Ljava/lang/Object; (0 bytes) @ 0x0000000110bf016d [0x0000000110bf0080+0xed]
J 1698 C1 sun.reflect.NativeMethodAccessorImpl.invoke(Ljava/lang/Object;[Ljava/lang/Object;)Ljava/lang/Object; (104 bytes) @ 0x0000000110ba309c [0x0000000110ba1ec0+0x11dc]
J 6992 C2 java.lang.reflect.Method.invoke(Ljava/lang/Object;[Ljava/lang/Object;)Ljava/lang/Object; (62 bytes) @ 0x00000001118cab7c [0x00000001118caac0+0xbc]
J 1741 C1 org.gradle.internal.reflect.JavaMethod.invoke(Ljava/lang/Object;[Ljava/lang/Object;)Ljava/lang/Object; (74 bytes) @ 0x0000000110bcc2bc [0x0000000110bcc1a0+0x11c]
j  org.gradle.api.internal.project.taskfactory.IncrementalInputsTaskAction.doExecute(Lorg/gradle/api/Task;Ljava/lang/String;)V+28
j  org.gradle.api.internal.project.taskfactory.StandardTaskAction.execute(Lorg/gradle/api/Task;)V+32
j  org.gradle.api.internal.project.taskfactory.AbstractIncrementalTaskAction.execute(Lorg/gradle/api/Task;)V+2
j  org.gradle.api.internal.project.taskfactory.StandardTaskAction.execute(Ljava/lang/Object;)V+5
j  org.gradle.api.internal.tasks.execution.ExecuteActionsTaskExecuter$3.run(Lorg/gradle/internal/operations/BuildOperationContext;)V+23
J 4267 C1 org.gradle.internal.operations.DefaultBuildOperationExecutor$RunnableBuildOperationWorker.execute(Lorg/gradle/internal/operations/BuildOperation;Lorg/gradle/internal/operations/BuildOperationContext;)V (10 bytes) @ 0x000000011078b5bc [0x000000011078b360+0x25c]
J 4976 C1 org.gradle.internal.operations.DefaultBuildOperationExecutor$1.execute(Lorg/gradle/internal/operations/BuildOperationDescriptor;Lorg/gradle/internal/operations/DefaultBuildOperationExecutor$DefaultBuildOperationContext;Lorg/gradle/internal/operations/DefaultBuildOperationExecutor$BuildOperationExecutionListener;)Lorg/gradle/internal/operations/BuildOperation; (82 bytes) @ 0x000000011173ccfc [0x000000011173cb80+0x17c]
...<more frames>...


---------------  P R O C E S S  ---------------

Java Threads: ( => current thread )
  0x00007fe9803ee000 JavaThread "Cache worker for Java compile cache (/Users/abhisheksmac/AndroidStudioProjects/UdacityCoursesApps/SpexRealmeX7Pro/.gradle/6.5/javaCompile)" [_thread_blocked, id=106047, stack(0x0000000311e06000,0x0000000311f06000)]
  0x00007fe93879c800 JavaThread "Cache worker for Java compile cache (/Users/abhisheksmac/.gradle/caches/6.5/javaCompile)" [_thread_blocked, id=157011, stack(0x0000000311d03000,0x0000000311e03000)]
  0x00007fe9385d5000 JavaThread "Cache worker for execution history cache (/Users/abhisheksmac/AndroidStudioProjects/UdacityCoursesApps/SpexRealmeX7Pro/.gradle/6.5/executionHistory)" [_thread_blocked, id=105275, stack(0x0000000311c00000,0x0000000311d00000)]
  0x00007fe9385d8000 JavaThread "Execution worker for ':' Thread 7" [_thread_blocked, id=103939, stack(0x0000000311afd000,0x0000000311bfd000)]
  0x00007fe9385d7800 JavaThread "Execution worker for ':' Thread 6" [_thread_blocked, id=158731, stack(0x00000003119fa000,0x0000000311afa000)]
  0x00007fe9385d6800 JavaThread "Execution worker for ':' Thread 5" [_thread_blocked, id=158467, stack(0x00000003118f7000,0x00000003119f7000)]
=>0x00007fe9385d6000 JavaThread "Execution worker for ':' Thread 4" [_thread_in_Java, id=158979, stack(0x00000003117f4000,0x00000003118f4000)]
  0x00007fe980ade800 JavaThread "Execution worker for ':' Thread 3" [_thread_blocked, id=159491, stack(0x00000003116f1000,0x00000003117f1000)]
  0x00007fe980add800 JavaThread "Execution worker for ':' Thread 2" [_thread_blocked, id=102915, stack(0x00000003115ee000,0x00000003116ee000)]
  0x00007fe938598000 JavaThread "Execution worker for ':'" [_thread_blocked, id=159747, stack(0x00000003114eb000,0x00000003115eb000)]
  0x00007fe938761800 JavaThread "Cache worker for file content cache (/Users/abhisheksmac/AndroidStudioProjects/UdacityCoursesApps/SpexRealmeX7Pro/.gradle/6.5/fileContent)" [_thread_blocked, id=15155, stack(0x00000003113e8000,0x00000003114e8000)]
  0x00007fe980775800 JavaThread "Memory manager" [_thread_blocked, id=17059, stack(0x000000030925b000,0x000000030935b000)]
  0x00007fe980e22800 JavaThread "Cache worker for Build Output Cleanup Cache (/Users/abhisheksmac/AndroidStudioProjects/UdacityCoursesApps/SpexRealmeX7Pro/.gradle/buildOutputCleanup)" [_thread_blocked, id=160799, stack(0x00000003112e5000,0x00000003113e5000)]
  0x00007fe939478000 JavaThread "jar transforms Thread 92" [_thread_blocked, id=100611, stack(0x00000003111e2000,0x00000003112e2000)]
  0x00007fe939477000 JavaThread "jar transforms Thread 91" [_thread_blocked, id=162411, stack(0x00000003110df000,0x00000003111df000)]
  0x00007fe939476800 JavaThread "jar transforms Thread 90" [_thread_blocked, id=162591, stack(0x0000000310fdc000,0x00000003110dc000)]
  0x00007fe939475800 JavaThread "jar transforms Thread 89" [_thread_blocked, id=162851, stack(0x0000000310ed9000,0x0000000310fd9000)]
  0x00007fe939475000 JavaThread "jar transforms Thread 88" [_thread_blocked, id=163075, stack(0x0000000310dd6000,0x0000000310ed6000)]
  0x00007fe928027000 JavaThread "jar transforms Thread 87" [_thread_blocked, id=99079, stack(0x0000000310cd3000,0x0000000310dd3000)]
  0x00007fe939474000 JavaThread "jar transforms Thread 86" [_thread_blocked, id=163859, stack(0x0000000310bd0000,0x0000000310cd0000)]
  0x00007fe9814b5800 JavaThread "jar transforms Thread 85" [_thread_blocked, id=164379, stack(0x0000000310acd000,0x0000000310bcd000)]
  0x00007fe928026800 JavaThread "jar transforms Thread 84" [_thread_blocked, id=97799, stack(0x00000003109ca000,0x0000000310aca000)]
  0x00007fe928025800 JavaThread "jar transforms Thread 83" [_thread_blocked, id=164875, stack(0x00000003108c7000,0x00000003109c7000)]
  0x00007fe939473000 JavaThread "jar transforms Thread 82" [_thread_blocked, id=97283, stack(0x00000003107c4000,0x00000003108c4000)]
  0x00007fe939472000 JavaThread "jar transforms Thread 81" [_thread_blocked, id=96515, stack(0x00000003106c1000,0x00000003107c1000)]
  0x00007fe939a19800 JavaThread "jar transforms Thread 80" [_thread_blocked, id=165903, stack(0x00000003105be000,0x00000003106be000)]
  0x00007fe939a18800 JavaThread "jar transforms Thread 79" [_thread_blocked, id=96259, stack(0x00000003104bb000,0x00000003105bb000)]
  0x00007fe939a18000 JavaThread "jar transforms Thread 78" [_thread_blocked, id=166919, stack(0x00000003103b8000,0x00000003104b8000)]
  0x00007fe939471800 JavaThread "jar transforms Thread 77" [_thread_blocked, id=167427, stack(0x00000003102b5000,0x00000003103b5000)]
  0x00007fe939a17000 JavaThread "jar transforms Thread 76" [_thread_blocked, id=167959, stack(0x00000003101b2000,0x00000003102b2000)]
  0x00007fe928025000 JavaThread "jar transforms Thread 75" [_thread_blocked, id=96087, stack(0x00000003100af000,0x00000003101af000)]
  0x00007fe9812c9000 JavaThread "jar transforms Thread 74" [_thread_blocked, id=95803, stack(0x000000030ffac000,0x00000003100ac000)]
  0x00007fe928023800 JavaThread "jar transforms Thread 73" [_thread_blocked, id=95247, stack(0x000000030fea9000,0x000000030ffa9000)]
  0x00007fe939a16800 JavaThread "jar transforms Thread 72" [_thread_blocked, id=169755, stack(0x000000030fda6000,0x000000030fea6000)]
  0x00007fe939a15800 JavaThread "jar transforms Thread 71" [_thread_blocked, id=169987, stack(0x000000030fca3000,0x000000030fda3000)]
  0x00007fe939a15000 JavaThread "jar transforms Thread 70" [_thread_blocked, id=170551, stack(0x000000030fba0000,0x000000030fca0000)]
  0x00007fe9812c8800 JavaThread "jar transforms Thread 69" [_thread_blocked, id=94227, stack(0x000000030fa9d000,0x000000030fb9d000)]
  0x00007fe9812c7800 JavaThread "jar transforms Thread 68" [_thread_blocked, id=93723, stack(0x000000030f99a000,0x000000030fa9a000)]
  0x00007fe928023000 JavaThread "jar transforms Thread 67" [_thread_blocked, id=171539, stack(0x000000030f897000,0x000000030f997000)]
  0x00007fe9812c7000 JavaThread "jar transforms Thread 66" [_thread_blocked, id=92943, stack(0x000000030f794000,0x000000030f894000)]
  0x00007fe9812c6000 JavaThread "jar transforms Thread 65" [_thread_blocked, id=92675, stack(0x000000030f691000,0x000000030f791000)]
  0x00007fe9812c5800 JavaThread "jar transforms Thread 64" [_thread_blocked, id=91911, stack(0x000000030f58e000,0x000000030f68e000)]
  0x00007fe939470800 JavaThread "jar transforms Thread 63" [_thread_blocked, id=91423, stack(0x000000030f48b000,0x000000030f58b000)]
  0x00007fe939470000 JavaThread "jar transforms Thread 62" [_thread_blocked, id=172547, stack(0x000000030f388000,0x000000030f488000)]
  0x00007fe939a14000 JavaThread "jar transforms Thread 61" [_thread_blocked, id=90383, stack(0x000000030f285000,0x000000030f385000)]
  0x00007fe9812c4800 JavaThread "jar transforms Thread 60" [_thread_blocked, id=89859, stack(0x000000030f182000,0x000000030f282000)]
  0x00007fe928022000 JavaThread "jar transforms Thread 59" [_thread_blocked, id=89715, stack(0x000000030f07f000,0x000000030f17f000)]
  0x00007fe928021800 JavaThread "jar transforms Thread 58" [_thread_blocked, id=173315, stack(0x000000030ef7c000,0x000000030f07c000)]
  0x00007fe928020800 JavaThread "jar transforms Thread 57" [_thread_blocked, id=89131, stack(0x000000030ee79000,0x000000030ef79000)]
  0x00007fe939a13800 JavaThread "jar transforms Thread 56" [_thread_blocked, id=88579, stack(0x000000030ed76000,0x000000030ee76000)]
  0x00007fe928020000 JavaThread "jar transforms Thread 55" [_thread_blocked, id=88075, stack(0x000000030ec73000,0x000000030ed73000)]
  0x00007fe939a12800 JavaThread "jar transforms Thread 54" [_thread_blocked, id=87299, stack(0x000000030eb70000,0x000000030ec70000)]
  0x00007fe939a12000 JavaThread "jar transforms Thread 53" [_thread_blocked, id=66563, stack(0x000000030ea6d000,0x000000030eb6d000)]
  0x00007fe92801f000 JavaThread "jar transforms Thread 52" [_thread_blocked, id=65543, stack(0x000000030e96a000,0x000000030ea6a000)]
  0x00007fe9812c4000 JavaThread "jar transforms Thread 51" [_thread_blocked, id=65283, stack(0x000000030e867000,0x000000030e967000)]
  0x00007fe93946f000 JavaThread "jar transforms Thread 50" [_thread_blocked, id=66827, stack(0x000000030e764000,0x000000030e864000)]
  0x00007fe93946e000 JavaThread "jar transforms Thread 49" [_thread_blocked, id=64515, stack(0x000000030e661000,0x000000030e761000)]
  0x00007fe93946d800 JavaThread "jar transforms Thread 48" [_thread_blocked, id=64299, stack(0x000000030e55e000,0x000000030e65e000)]
  0x00007fe92801e800 JavaThread "jar transforms Thread 47" [_thread_blocked, id=63503, stack(0x000000030e45b000,0x000000030e55b000)]
  0x00007fe93946c800 JavaThread "jar transforms Thread 46" [_thread_blocked, id=67927, stack(0x000000030e358000,0x000000030e458000)]
  0x00007fe92801d800 JavaThread "jar transforms Thread 45" [_thread_blocked, id=68099, stack(0x000000030e255000,0x000000030e355000)]
  0x00007fe93946c000 JavaThread "jar transforms Thread 44" [_thread_blocked, id=62467, stack(0x000000030e152000,0x000000030e252000)]
  0x00007fe9812c2800 JavaThread "jar transforms Thread 43" [_thread_blocked, id=61963, stack(0x000000030e04f000,0x000000030e14f000)]
  0x00007fe93946b000 JavaThread "jar transforms Thread 42" [_thread_blocked, id=61443, stack(0x000000030df4c000,0x000000030e04c000)]
  0x00007fe93946a800 JavaThread "jar transforms Thread 41" [_thread_blocked, id=68631, stack(0x000000030de49000,0x000000030df49000)]
  0x00007fe9812c1800 JavaThread "jar transforms Thread 40" [_thread_blocked, id=60763, stack(0x000000030dd46000,0x000000030de46000)]
  0x00007fe92801d000 JavaThread "jar transforms Thread 39" [_thread_blocked, id=69431, stack(0x000000030dc43000,0x000000030dd43000)]
  0x00007fe939469000 JavaThread "jar transforms Thread 38" [_thread_blocked, id=69915, stack(0x000000030db40000,0x000000030dc40000)]
  0x00007fe939468000 JavaThread "jar transforms Thread 37" [_thread_blocked, id=60175, stack(0x000000030da3d000,0x000000030db3d000)]
  0x00007fe939467800 JavaThread "jar transforms Thread 36" [_thread_blocked, id=70403, stack(0x000000030d93a000,0x000000030da3a000)]
  0x00007fe939466800 JavaThread "jar transforms Thread 35" [_thread_blocked, id=70915, stack(0x000000030d837000,0x000000030d937000)]
  0x00007fe939466000 JavaThread "jar transforms Thread 34" [_thread_blocked, id=59147, stack(0x000000030d734000,0x000000030d834000)]
  0x00007fe92801b800 JavaThread "jar transforms Thread 33" [_thread_blocked, id=71203, stack(0x000000030d631000,0x000000030d731000)]
  0x00007fe92801b000 JavaThread "jar transforms Thread 32" [_thread_blocked, id=58155, stack(0x000000030d52e000,0x000000030d62e000)]
  0x00007fe981214000 JavaThread "jar transforms Thread 31" [_thread_blocked, id=72199, stack(0x000000030d42b000,0x000000030d52b000)]
  0x00007fe981213000 JavaThread "jar transforms Thread 30" [_thread_blocked, id=72727, stack(0x000000030d328000,0x000000030d428000)]
  0x00007fe981212800 JavaThread "jar transforms Thread 29" [_thread_blocked, id=57359, stack(0x000000030d225000,0x000000030d325000)]
  0x00007fe9811fd800 JavaThread "jar transforms Thread 28" [_thread_blocked, id=56979, stack(0x000000030d122000,0x000000030d222000)]
  0x00007fe981211800 JavaThread "jar transforms Thread 27" [_thread_blocked, id=56323, stack(0x000000030d01f000,0x000000030d11f000)]
  0x00007fe92801a000 JavaThread "jar transforms Thread 26" [_thread_blocked, id=73987, stack(0x000000030cf1c000,0x000000030d01c000)]
  0x00007fe928019800 JavaThread "jar transforms Thread 25" [_thread_blocked, id=55563, stack(0x000000030ce19000,0x000000030cf19000)]
  0x00007fe928018800 JavaThread "jar transforms Thread 24" [_thread_blocked, id=55323, stack(0x000000030cd16000,0x000000030ce16000)]
  0x00007fe981211000 JavaThread "jar transforms Thread 23" [_thread_blocked, id=54807, stack(0x000000030cc13000,0x000000030cd13000)]
  0x00007fe981210000 JavaThread "jar transforms Thread 22" [_thread_blocked, id=75275, stack(0x000000030cb10000,0x000000030cc10000)]
  0x00007fe939464000 JavaThread "jar transforms Thread 21" [_thread_blocked, id=54295, stack(0x000000030ca0d000,0x000000030cb0d000)]
  0x00007fe928017800 JavaThread "jar transforms Thread 20" [_thread_blocked, id=76319, stack(0x000000030c90a000,0x000000030ca0a000)]
  0x00007fe928016800 JavaThread "jar transforms Thread 19" [_thread_blocked, id=53535, stack(0x000000030c807000,0x000000030c907000)]
  0x00007fe98120f800 JavaThread "jar transforms Thread 18" [_thread_blocked, id=52999, stack(0x000000030c704000,0x000000030c804000)]
  0x00007fe939a06000 JavaThread "jar transforms Thread 17" [_thread_blocked, id=52739, stack(0x000000030c601000,0x000000030c701000)]
  0x00007fe98120e800 JavaThread "jar transforms Thread 16" [_thread_blocked, id=77587, stack(0x000000030c4fe000,0x000000030c5fe000)]
  0x00007fe980cb0800 JavaThread "jar transforms Thread 15" [_thread_blocked, id=51739, stack(0x000000030c3fb000,0x000000030c4fb000)]
  0x00007fe980caf800 JavaThread "jar transforms Thread 14" [_thread_blocked, id=51475, stack(0x000000030c2f8000,0x000000030c3f8000)]
  0x00007fe980caf000 JavaThread "jar transforms Thread 13" [_thread_blocked, id=78691, stack(0x000000030c1f5000,0x000000030c2f5000)]
  0x00007fe98120e000 JavaThread "jar transforms Thread 12" [_thread_blocked, id=50691, stack(0x000000030c0f2000,0x000000030c1f2000)]
  0x00007fe98120d000 JavaThread "jar transforms Thread 11" [_thread_blocked, id=49967, stack(0x000000030bfef000,0x000000030c0ef000)]
  0x00007fe98120c800 JavaThread "jar transforms Thread 10" [_thread_blocked, id=79751, stack(0x000000030beec000,0x000000030bfec000)]
  0x00007fe980cae000 JavaThread "jar transforms Thread 9" [_thread_blocked, id=49411, stack(0x000000030bde9000,0x000000030bee9000)]
  0x00007fe928016000 JavaThread "jar transforms Thread 8" [_thread_blocked, id=80723, stack(0x000000030bce6000,0x000000030bde6000)]
  0x00007fe980a62000 JavaThread "jar transforms Thread 7" [_thread_blocked, id=80899, stack(0x000000030bbe3000,0x000000030bce3000)]
  0x00007fe98120b800 JavaThread "jar transforms Thread 6" [_thread_blocked, id=48419, stack(0x000000030bae0000,0x000000030bbe0000)]
  0x00007fe981200000 JavaThread "jar transforms Thread 5" [_thread_blocked, id=48179, stack(0x000000030b9dd000,0x000000030badd000)]
  0x00007fe9811ff000 JavaThread "jar transforms Thread 4" [_thread_blocked, id=47663, stack(0x000000030b8da000,0x000000030b9da000)]
  0x00007fe980a61800 JavaThread "jar transforms Thread 3" [_thread_blocked, id=82179, stack(0x000000030b7d7000,0x000000030b8d7000)]
  0x00007fe9811fe800 JavaThread "jar transforms Thread 2" [_thread_blocked, id=83115, stack(0x000000030b6d4000,0x000000030b7d4000)]
  0x00007fe92800e800 JavaThread "Build operations Thread 8" [_thread_blocked, id=46595, stack(0x000000030b5d1000,0x000000030b6d1000)]
  0x00007fe980a60800 JavaThread "Build operations Thread 7" [_thread_blocked, id=84483, stack(0x000000030b4ce000,0x000000030b5ce000)]
  0x00007fe980a5f800 JavaThread "Build operations Thread 6" [_thread_blocked, id=84739, stack(0x000000030b3cb000,0x000000030b4cb000)]
  0x00007fe980a5f000 JavaThread "Build operations Thread 5" [_thread_blocked, id=46091, stack(0x000000030b2c8000,0x000000030b3c8000)]
  0x00007fe980950800 JavaThread "Build operations Thread 4" [_thread_blocked, id=45859, stack(0x000000030b1c5000,0x000000030b2c5000)]
  0x00007fe92800c800 JavaThread "Build operations Thread 3" [_thread_blocked, id=45323, stack(0x000000030b0c2000,0x000000030b1c2000)]
  0x00007fe98097e000 JavaThread "Build operations Thread 2" [_thread_blocked, id=86279, stack(0x000000030afbf000,0x000000030b0bf000)]
  0x00007fe981200800 JavaThread "Build operations" [_thread_blocked, id=44863, stack(0x000000030aebc000,0x000000030afbc000)]
  0x00007fe980f06000 JavaThread "Cache worker for file content cache (/Users/abhisheksmac/.gradle/caches/6.5/fileContent)" [_thread_blocked, id=44351, stack(0x000000030adb9000,0x000000030aeb9000)]
  0x00007fe980a85800 JavaThread "jar transforms" [_thread_blocked, id=32559, stack(0x000000030acb6000,0x000000030adb6000)]
  0x00007fe980941000 JavaThread "Cache worker for execution history cache (/Users/abhisheksmac/.gradle/caches/6.5/executionHistory)" [_thread_blocked, id=33271, stack(0x000000030abb3000,0x000000030acb3000)]
  0x00007fe980de9000 JavaThread "Cache worker for cache directory md-rule (/Users/abhisheksmac/.gradle/caches/6.5/md-rule)" [_thread_blocked, id=32047, stack(0x000000030aab0000,0x000000030abb0000)]
  0x00007fe9815fe000 JavaThread "Cache worker for cache directory md-supplier (/Users/abhisheksmac/.gradle/caches/6.5/md-supplier)" [_thread_blocked, id=31519, stack(0x000000030a9ad000,0x000000030aaad000)]
  0x00007fe9815b8000 JavaThread "Cache worker for checksums cache (/Users/abhisheksmac/AndroidStudioProjects/UdacityCoursesApps/SpexRealmeX7Pro/.gradle/checksums)" [_thread_blocked, id=33335, stack(0x000000030a8aa000,0x000000030a9aa000)]
  0x00007fe948a12800 JavaThread "Cache worker for file hash cache (/Users/abhisheksmac/AndroidStudioProjects/UdacityCoursesApps/SpexRealmeX7Pro/.gradle/6.5/fileHashes)" [_thread_blocked, id=30247, stack(0x000000030a7a7000,0x000000030a8a7000)]
  0x00007fe94898e800 JavaThread "Cache worker for file hash cache (/Users/abhisheksmac/.gradle/caches/6.5/fileHashes)" [_thread_blocked, id=29751, stack(0x000000030a6a4000,0x000000030a7a4000)]
  0x00007fe9811d0800 JavaThread "File lock request listener" [_thread_in_native, id=28951, stack(0x000000030a5a1000,0x000000030a6a1000)]
  0x00007fe98119f000 JavaThread "Cache worker for journal cache (/Users/abhisheksmac/.gradle/caches/journal-1)" [_thread_blocked, id=28703, stack(0x000000030a49e000,0x000000030a59e000)]
  0x00007fe94892c800 JavaThread "Thread-9" [_thread_blocked, id=34399, stack(0x000000030a39b000,0x000000030a49b000)]
  0x00007fe98115b000 JavaThread "Stdin handler" [_thread_blocked, id=28455, stack(0x000000030a298000,0x000000030a398000)]
  0x00007fe948927000 JavaThread "Asynchronous log dispatcher for DefaultDaemonConnection: socket connection from /127.0.0.1:53519 to /127.0.0.1:53520" [_thread_blocked, id=28271, stack(0x000000030a195000,0x000000030a295000)]
  0x00007fe948906800 JavaThread "Daemon worker" [_thread_blocked, id=35883, stack(0x000000030a092000,0x000000030a192000)]
  0x00007fe9809f0800 JavaThread "Cancel handler" [_thread_blocked, id=27875, stack(0x0000000309f8f000,0x000000030a08f000)]
  0x00007fe980988800 JavaThread "Handler for socket connection from /127.0.0.1:53519 to /127.0.0.1:53520" [_thread_in_native, id=36631, stack(0x0000000309e8c000,0x0000000309f8c000)]
  0x00007fe980160000 JavaThread "Daemon" [_thread_blocked, id=37139, stack(0x0000000309d89000,0x0000000309e89000)]
  0x00007fe980fe5000 JavaThread "Daemon periodic checks" [_thread_blocked, id=37771, stack(0x0000000309c86000,0x0000000309d86000)]
  0x00007fe98096c800 JavaThread "Incoming local TCP Connector on port 53519" [_thread_in_native, id=38491, stack(0x0000000309b83000,0x0000000309c83000)]
  0x00007fe98015d000 JavaThread "Daemon health stats" [_thread_blocked, id=38919, stack(0x0000000309a80000,0x0000000309b80000)]
  0x00007fe98082b000 JavaThread "Service Thread" daemon [_thread_blocked, id=24335, stack(0x000000030987a000,0x000000030997a000)]
  0x00007fe98103d000 JavaThread "C1 CompilerThread3" daemon [_thread_blocked, id=41987, stack(0x0000000309777000,0x0000000309877000)]
  0x00007fe958008800 JavaThread "C2 CompilerThread2" daemon [_thread_blocked, id=23555, stack(0x0000000309674000,0x0000000309774000)]
  0x00007fe98103c800 JavaThread "C2 CompilerThread1" daemon [_thread_blocked, id=42755, stack(0x0000000309571000,0x0000000309671000)]
  0x00007fe98103a800 JavaThread "C2 CompilerThread0" daemon [_thread_blocked, id=43011, stack(0x000000030946e000,0x000000030956e000)]
  0x00007fe98102f000 JavaThread "Signal Dispatcher" daemon [_thread_blocked, id=22787, stack(0x000000030936b000,0x000000030946b000)]
  0x00007fe98100a800 JavaThread "Finalizer" daemon [_thread_blocked, id=17951, stack(0x00000003090d2000,0x00000003091d2000)]
  0x00007fe980825000 JavaThread "Reference Handler" daemon [_thread_blocked, id=18211, stack(0x0000000308fcf000,0x00000003090cf000)]
  0x00007fe980010000 JavaThread "main" [_thread_blocked, id=10243, stack(0x00000003085b1000,0x00000003086b1000)]

Other Threads:
  0x00007fe98100a000 VMThread [stack: 0x0000000308ecc000,0x0000000308fcc000] [id=12547]
  0x00007fe980847000 WatcherThread [stack: 0x000000030997d000,0x0000000309a7d000] [id=40979]

VM state:not at safepoint (normal execution)

VM Mutex/Monitor currently owned by a thread: None

heap address: 0x0000000740000000, size: 2048 MB, Compressed Oops mode: Zero based, Oop shift amount: 3
Narrow klass base: 0x0000000000000000, Narrow klass shift: 3
Compressed class space size: 1073741824 Address: 0x00000007c0000000

Heap:
 PSYoungGen      total 370688K, used 234722K [0x0000000795580000, 0x00000007ade80000, 0x00000007c0000000)
  eden space 351232K, 66% used [0x0000000795580000,0x00000007a3ab89f8,0x00000007aac80000)
  from space 19456K, 0% used [0x00000007ac480000,0x00000007ac480000,0x00000007ad780000)
  to   space 24576K, 0% used [0x00000007aac80000,0x00000007aac80000,0x00000007ac480000)
 ParOldGen       total 122880K, used 35445K [0x0000000740000000, 0x0000000747800000, 0x0000000795580000)
  object space 122880K, 28% used [0x0000000740000000,0x000000074229d6e0,0x0000000747800000)
 Metaspace       used 69000K, capacity 72362K, committed 72600K, reserved 1112064K
  class space    used 9483K, capacity 10123K, committed 10160K, reserved 1048576K

Card table byte_map: [0x000000011f99d000,0x000000011fd9e000] byte_map_base: 0x000000011bf9d000

Marking Bits: (ParMarkBitMap*) 0x000000010f0273f8
 Begin Bits: [0x0000000120049000, 0x0000000122049000)
 End Bits:   [0x0000000122049000, 0x0000000124049000)

Polling page: 0x000000010a5ea000

CodeCache: size=245760Kb used=23342Kb max_used=23342Kb free=222418Kb
 bounds [0x00000001105dd000, 0x0000000111cdd000, 0x000000011f5dd000]
 total_blobs=8126 nmethods=7328 adapters=713
 compilation: enabled

Compilation events (10 events):
Event: 13.319 Thread 0x00007fe98103d000 8435       3       com.sun.tools.javac.code.TypeAnnotations$TypeAnnotationPositions::push (13 bytes)
Event: 13.319 Thread 0x00007fe98103d000 nmethod 8435 0x000000011117af50 code [0x000000011117b0c0, 0x000000011117b288]
Event: 13.319 Thread 0x00007fe98103d000 8433       3       com.sun.tools.javac.tree.JCTree$Visitor::<init> (5 bytes)
Event: 13.319 Thread 0x00007fe98103d000 nmethod 8433 0x00000001112aedd0 code [0x00000001112aef40, 0x00000001112af0f0]
Event: 13.322 Thread 0x00007fe98103d000 8436       3       com.sun.tools.javac.comp.Env::dup (14 bytes)
Event: 13.322 Thread 0x00007fe98103d000 nmethod 8436 0x00000001111833d0 code [0x0000000111183540, 0x00000001111837f8]
Event: 13.323 Thread 0x00007fe98103d000 8437       3       com.sun.tools.javac.tree.JCTree$JCMethodDecl::getTag (4 bytes)
Event: 13.323 Thread 0x00007fe98103d000 nmethod 8437 0x000000011178a310 code [0x000000011178a480, 0x000000011178a5d0]
Event: 13.323 Thread 0x00007fe98103d000 8438       3       com.sun.tools.javac.util.List::size (5 bytes)
Event: 13.323 Thread 0x00007fe98103d000 nmethod 8438 0x0000000111789d90 code [0x0000000111789f00, 0x000000011178a1f0]

GC Heap History (10 events):
Event: 4.029 GC heap before
{Heap before GC invocations=7 (full 1):
 PSYoungGen      total 138240K, used 39058K [0x0000000795580000, 0x00000007a5a00000, 0x00000007c0000000)
  eden space 133120K, 25% used [0x0000000795580000,0x00000007976a8ba0,0x000000079d780000)
  from space 5120K, 99% used [0x000000079d780000,0x000000079dc7c010,0x000000079dc80000)
  to   space 16896K, 0% used [0x00000007a4980000,0x00000007a4980000,0x00000007a5a00000)
 ParOldGen       total 58880K, used 19384K [0x0000000740000000, 0x0000000743980000, 0x0000000795580000)
  object space 58880K, 32% used [0x0000000740000000,0x00000007412ee108,0x0000000743980000)
 Metaspace       used 34324K, capacity 35422K, committed 35496K, reserved 1079296K
  class space    used 4715K, capacity 5004K, committed 5040K, reserved 1048576K
Event: 4.038 GC heap after
Heap after GC invocations=7 (full 1):
 PSYoungGen      total 250368K, used 7426K [0x0000000795580000, 0x00000007a5980000, 0x00000007c0000000)
  eden space 233984K, 0% used [0x0000000795580000,0x0000000795580000,0x00000007a3a00000)
  from space 16384K, 45% used [0x00000007a4980000,0x00000007a50c0ba8,0x00000007a5980000)
  to   space 15872K, 0% used [0x00000007a3a00000,0x00000007a3a00000,0x00000007a4980000)
 ParOldGen       total 58880K, used 19384K [0x0000000740000000, 0x0000000743980000, 0x0000000795580000)
  object space 58880K, 32% used [0x0000000740000000,0x00000007412ee108,0x0000000743980000)
 Metaspace       used 34324K, capacity 35422K, committed 35496K, reserved 1079296K
  class space    used 4715K, capacity 5004K, committed 5040K, reserved 1048576K
}
Event: 4.038 GC heap before
{Heap before GC invocations=8 (full 2):
 PSYoungGen      total 250368K, used 7426K [0x0000000795580000, 0x00000007a5980000, 0x00000007c0000000)
  eden space 233984K, 0% used [0x0000000795580000,0x0000000795580000,0x00000007a3a00000)
  from space 16384K, 45% used [0x00000007a4980000,0x00000007a50c0ba8,0x00000007a5980000)
  to   space 15872K, 0% used [0x00000007a3a00000,0x00000007a3a00000,0x00000007a4980000)
 ParOldGen       total 58880K, used 19384K [0x0000000740000000, 0x0000000743980000, 0x0000000795580000)
  object space 58880K, 32% used [0x0000000740000000,0x00000007412ee108,0x0000000743980000)
 Metaspace       used 34324K, capacity 35422K, committed 35496K, reserved 1079296K
  class space    used 4715K, capacity 5004K, committed 5040K, reserved 1048576K
Event: 4.090 GC heap after
Heap after GC invocations=8 (full 2):
 PSYoungGen      total 250368K, used 0K [0x0000000795580000, 0x00000007a5980000, 0x00000007c0000000)
  eden space 233984K, 0% used [0x0000000795580000,0x0000000795580000,0x00000007a3a00000)
  from space 16384K, 0% used [0x00000007a4980000,0x00000007a4980000,0x00000007a5980000)
  to   space 15872K, 0% used [0x00000007a3a00000,0x00000007a3a00000,0x00000007a4980000)
 ParOldGen       total 90624K, used 21250K [0x0000000740000000, 0x0000000745880000, 0x0000000795580000)
  object space 90624K, 23% used [0x0000000740000000,0x00000007414c09f8,0x0000000745880000)
 Metaspace       used 34324K, capacity 35422K, committed 35496K, reserved 1079296K
  class space    used 4715K, capacity 5004K, committed 5040K, reserved 1048576K
}
Event: 6.485 GC heap before
{Heap before GC invocations=9 (full 2):
 PSYoungGen      total 250368K, used 233984K [0x0000000795580000, 0x00000007a5980000, 0x00000007c0000000)
  eden space 233984K, 100% used [0x0000000795580000,0x00000007a3a00000,0x00000007a3a00000)
  from space 16384K, 0% used [0x00000007a4980000,0x00000007a4980000,0x00000007a5980000)
  to   space 15872K, 0% used [0x00000007a3a00000,0x00000007a3a00000,0x00000007a4980000)
 ParOldGen       total 90624K, used 21250K [0x0000000740000000, 0x0000000745880000, 0x0000000795580000)
  object space 90624K, 23% used [0x0000000740000000,0x00000007414c09f8,0x0000000745880000)
 Metaspace       used 46745K, capacity 48648K, committed 48936K, reserved 1091584K
  class space    used 6319K, capacity 6670K, committed 6704K, reserved 1048576K
Event: 6.500 GC heap after
Heap after GC invocations=9 (full 2):
 PSYoungGen      total 249856K, used 15862K [0x0000000795580000, 0x00000007ad780000, 0x00000007c0000000)
  eden space 233984K, 0% used [0x0000000795580000,0x0000000795580000,0x00000007a3a00000)
  from space 15872K, 99% used [0x00000007a3a00000,0x00000007a497d9d0,0x00000007a4980000)
  to   space 19456K, 0% used [0x00000007ac480000,0x00000007ac480000,0x00000007ad780000)
 ParOldGen       total 90624K, used 23657K [0x0000000740000000, 0x0000000745880000, 0x0000000795580000)
  object space 90624K, 26% used [0x0000000740000000,0x000000074171a570,0x0000000745880000)
 Metaspace       used 46745K, capacity 48648K, committed 48936K, reserved 1091584K
  class space    used 6319K, capacity 6670K, committed 6704K, reserved 1048576K
}
Event: 8.196 GC heap before
{Heap before GC invocations=10 (full 2):
 PSYoungGen      total 249856K, used 138099K [0x0000000795580000, 0x00000007ad780000, 0x00000007c0000000)
  eden space 233984K, 52% used [0x0000000795580000,0x000000079ccdf488,0x00000007a3a00000)
  from space 15872K, 99% used [0x00000007a3a00000,0x00000007a497d9d0,0x00000007a4980000)
  to   space 19456K, 0% used [0x00000007ac480000,0x00000007ac480000,0x00000007ad780000)
 ParOldGen       total 90624K, used 23657K [0x0000000740000000, 0x0000000745880000, 0x0000000795580000)
  object space 90624K, 26% used [0x0000000740000000,0x000000074171a570,0x0000000745880000)
 Metaspace       used 56674K, capacity 59086K, committed 59160K, reserved 1099776K
  class space    used 7747K, capacity 8220K, committed 8240K, reserved 1048576K
Event: 8.224 GC heap after
Heap after GC invocations=10 (full 2):
 PSYoungGen      total 370688K, used 19439K [0x0000000795580000, 0x00000007ade80000, 0x00000007c0000000)
  eden space 351232K, 0% used [0x0000000795580000,0x0000000795580000,0x00000007aac80000)
  from space 19456K, 99% used [0x00000007ac480000,0x00000007ad77be40,0x00000007ad780000)
  to   space 24576K, 0% used [0x00000007aac80000,0x00000007aac80000,0x00000007ac480000)
 ParOldGen       total 90624K, used 28053K [0x0000000740000000, 0x0000000745880000, 0x0000000795580000)
  object space 90624K, 30% used [0x0000000740000000,0x0000000741b657f8,0x0000000745880000)
 Metaspace       used 56674K, capacity 59086K, committed 59160K, reserved 1099776K
  class space    used 7747K, capacity 8220K, committed 8240K, reserved 1048576K
}
Event: 8.224 GC heap before
{Heap before GC invocations=11 (full 3):
 PSYoungGen      total 370688K, used 19439K [0x0000000795580000, 0x00000007ade80000, 0x00000007c0000000)
  eden space 351232K, 0% used [0x0000000795580000,0x0000000795580000,0x00000007aac80000)
  from space 19456K, 99% used [0x00000007ac480000,0x00000007ad77be40,0x00000007ad780000)
  to   space 24576K, 0% used [0x00000007aac80000,0x00000007aac80000,0x00000007ac480000)
 ParOldGen       total 90624K, used 28053K [0x0000000740000000, 0x0000000745880000, 0x0000000795580000)
  object space 90624K, 30% used [0x0000000740000000,0x0000000741b657f8,0x0000000745880000)
 Metaspace       used 56674K, capacity 59086K, committed 59160K, reserved 1099776K
  class space    used 7747K, capacity 8220K, committed 8240K, reserved 1048576K
Event: 8.338 GC heap after
Heap after GC invocations=11 (full 3):
 PSYoungGen      total 370688K, used 0K [0x0000000795580000, 0x00000007ade80000, 0x00000007c0000000)
  eden space 351232K, 0% used [0x0000000795580000,0x0000000795580000,0x00000007aac80000)
  from space 19456K, 0% used [0x00000007ac480000,0x00000007ac480000,0x00000007ad780000)
  to   space 24576K, 0% used [0x00000007aac80000,0x00000007aac80000,0x00000007ac480000)
 ParOldGen       total 122880K, used 35445K [0x0000000740000000, 0x0000000747800000, 0x0000000795580000)
  object space 122880K, 28% used [0x0000000740000000,0x000000074229d6e0,0x0000000747800000)
 Metaspace       used 56625K, capacity 58918K, committed 59160K, reserved 1099776K
  class space    used 7732K, capacity 8192K, committed 8240K, reserved 1048576K
}

Deoptimization events (10 events):
Event: 13.227 Thread 0x00007fe9385d6000 Uncommon trap: reason=class_check action=maybe_recompile pc=0x0000000111bf9684 method=com.sun.tools.javac.code.Types$18.visitClassType(Lcom/sun/tools/javac/code/Type$ClassType;Ljava/lang/Void;)Lcom/sun/tools/javac/code/Type; @ 19
Event: 13.228 Thread 0x00007fe9385d6000 Uncommon trap: reason=class_check action=maybe_recompile pc=0x0000000111bfbf18 method=com.sun.tools.javac.code.Types$18.visitClassType(Lcom/sun/tools/javac/code/Type$ClassType;Ljava/lang/Void;)Lcom/sun/tools/javac/code/Type; @ 19
Event: 13.230 Thread 0x00007fe9385d6000 Uncommon trap: reason=unstable_if action=reinterpret pc=0x0000000111c79904 method=com.sun.tools.javac.code.Types$14.visitClassType(Lcom/sun/tools/javac/code/Type$ClassType;Lcom/sun/tools/javac/code/Symbol;)Lcom/sun/tools/javac/code/Type; @ 29
Event: 13.230 Thread 0x00007fe9385d6000 Uncommon trap: reason=class_check action=maybe_recompile pc=0x0000000111c50fe0 method=com.sun.tools.javac.code.Types.asSuper(Lcom/sun/tools/javac/code/Type;Lcom/sun/tools/javac/code/Symbol;)Lcom/sun/tools/javac/code/Type; @ 31
Event: 13.230 Thread 0x00007fe9385d6000 Uncommon trap: reason=class_check action=maybe_recompile pc=0x0000000111c50fe0 method=com.sun.tools.javac.code.Types.asSuper(Lcom/sun/tools/javac/code/Type;Lcom/sun/tools/javac/code/Symbol;)Lcom/sun/tools/javac/code/Type; @ 31
Event: 13.231 Thread 0x00007fe9385d6000 Uncommon trap: reason=class_check action=maybe_recompile pc=0x0000000111c50fe0 method=com.sun.tools.javac.code.Types.asSuper(Lcom/sun/tools/javac/code/Type;Lcom/sun/tools/javac/code/Symbol;)Lcom/sun/tools/javac/code/Type; @ 31
Event: 13.233 Thread 0x00007fe9385d6000 Uncommon trap: reason=class_check action=maybe_recompile pc=0x0000000111c50fe0 method=com.sun.tools.javac.code.Types.asSuper(Lcom/sun/tools/javac/code/Type;Lcom/sun/tools/javac/code/Symbol;)Lcom/sun/tools/javac/code/Type; @ 31
Event: 13.275 Thread 0x00007fe9385d6000 Uncommon trap: reason=unstable_if action=reinterpret pc=0x0000000111ba7c70 method=com.sun.tools.javac.code.Scope.enter(Lcom/sun/tools/javac/code/Symbol;Lcom/sun/tools/javac/code/Scope;Lcom/sun/tools/javac/code/Scope;Z)V @ 116
Event: 13.311 Thread 0x00007fe9385d6000 Uncommon trap: reason=class_check action=maybe_recompile pc=0x0000000111c6040c method=com.sun.tools.javac.code.Type$ClassType.allparams()Lcom/sun/tools/javac/util/List; @ 16
Event: 13.319 Thread 0x00007fe9385d6000 Uncommon trap: reason=class_check action=maybe_recompile pc=0x0000000111c6040c method=com.sun.tools.javac.code.Type$ClassType.allparams()Lcom/sun/tools/javac/util/List; @ 16

Classes redefined (0 events):
No events

Internal exceptions (10 events):
Event: 11.582 Thread 0x00007fe9385d6000 Exception <a 'java/lang/NoSuchMethodError': <clinit>> (0x000000079e978238) thrown at [/Volumes/Android/buildbot/src/googleplex-android/openjdk/out/hotspot/src/share/vm/prims/jni.cpp, line 1615]
Event: 11.583 Thread 0x00007fe9385d6000 Exception <a 'java/lang/NoSuchMethodError': <clinit>> (0x000000079e97e370) thrown at [/Volumes/Android/buildbot/src/googleplex-android/openjdk/out/hotspot/src/share/vm/prims/jni.cpp, line 1615]
Event: 11.585 Thread 0x00007fe9385d6000 Exception <a 'java/lang/NoSuchMethodError': <clinit>> (0x000000079e993140) thrown at [/Volumes/Android/buildbot/src/googleplex-android/openjdk/out/hotspot/src/share/vm/prims/jni.cpp, line 1615]
Event: 11.585 Thread 0x00007fe9385d6000 Exception <a 'java/lang/NoSuchMethodError': <clinit>> (0x000000079e994460) thrown at [/Volumes/Android/buildbot/src/googleplex-android/openjdk/out/hotspot/src/share/vm/prims/jni.cpp, line 1615]
Event: 12.280 Thread 0x00007fe9385d6000 Exception <a 'sun/nio/fs/UnixException'> (0x00000007a08fb800) thrown at [/Volumes/Android/buildbot/src/googleplex-android/openjdk/out/hotspot/src/share/vm/prims/jni.cpp, line 710]
Event: 12.281 Thread 0x00007fe9385d6000 Exception <a 'sun/nio/fs/UnixException'> (0x00000007a08fcc08) thrown at [/Volumes/Android/buildbot/src/googleplex-android/openjdk/out/hotspot/src/share/vm/prims/jni.cpp, line 710]
Event: 12.286 Thread 0x00007fe9385d6000 Exception <a 'sun/nio/fs/UnixException'> (0x00000007a09303e8) thrown at [/Volumes/Android/buildbot/src/googleplex-android/openjdk/out/hotspot/src/share/vm/prims/jni.cpp, line 710]
Event: 12.286 Thread 0x00007fe9385d6000 Exception <a 'sun/nio/fs/UnixException'> (0x00000007a0931298) thrown at [/Volumes/Android/buildbot/src/googleplex-android/openjdk/out/hotspot/src/share/vm/prims/jni.cpp, line 710]
Event: 12.287 Thread 0x00007fe9385d6000 Exception <a 'sun/nio/fs/UnixException'> (0x00000007a09334c0) thrown at [/Volumes/Android/buildbot/src/googleplex-android/openjdk/out/hotspot/src/share/vm/prims/jni.cpp, line 710]
Event: 12.287 Thread 0x00007fe9385d6000 Exception <a 'sun/nio/fs/UnixException'> (0x00000007a0934380) thrown at [/Volumes/Android/buildbot/src/googleplex-android/openjdk/out/hotspot/src/share/vm/prims/jni.cpp, line 710]

Events (10 events):
Event: 13.311 Thread 0x00007fe9385d6000 Uncommon trap: trap_request=0xffffffde fr.pc=0x0000000111c6040c
Event: 13.311 Thread 0x00007fe9385d6000 DEOPT PACKING pc=0x0000000111c6040c sp=0x00000003118ee060
Event: 13.311 Thread 0x00007fe9385d6000 DEOPT UNPACKING pc=0x000000011062247a sp=0x00000003118ee020 mode 2
Event: 13.319 Thread 0x00007fe9385d6000 Uncommon trap: trap_request=0xffffffde fr.pc=0x0000000111c6040c
Event: 13.319 Thread 0x00007fe9385d6000 DEOPT PACKING pc=0x0000000111c6040c sp=0x00000003118ee060
Event: 13.319 Thread 0x00007fe9385d6000 DEOPT UNPACKING pc=0x000000011062247a sp=0x00000003118ee020 mode 2
Event: 13.323 loading class com/sun/tools/javac/comp/Resolve$MostSpecificCheck
Event: 13.323 loading class com/sun/tools/javac/comp/Resolve$MostSpecificCheck done
Event: 13.324 loading class com/sun/tools/javac/comp/Resolve$MostSpecificCheck$MostSpecificCheckContext
Event: 13.324 loading class com/sun/tools/javac/comp/Resolve$MostSpecificCheck$MostSpecificCheckContext done


Dynamic libraries:
0x00007ffdffefd000 	/Library/Apple/usr/libexec/oah/runtime
0x00007fff35278000 	/System/Library/Frameworks/Cocoa.framework/Versions/A/Cocoa
0x00007fff22120000 	/System/Library/Frameworks/Security.framework/Versions/A/Security
0x00007fff33475000 	/System/Library/Frameworks/ApplicationServices.framework/Versions/A/ApplicationServices
0x00007fff2a5c6000 	/usr/lib/libz.1.dylib
0x00007fff2a692000 	/usr/lib/libSystem.B.dylib
0x00007fff203b1000 	/System/Library/Frameworks/CoreFoundation.framework/Versions/A/CoreFoundation
0x00007fff21093000 	/System/Library/Frameworks/Foundation.framework/Versions/C/Foundation
0x00007fff201d0000 	/usr/lib/libobjc.A.dylib
0x00007fff22b47000 	/System/Library/Frameworks/AppKit.framework/Versions/C/AppKit
0x00007fff25a05000 	/System/Library/Frameworks/CoreData.framework/Versions/A/CoreData
0x00007fff238aa000 	/System/Library/PrivateFrameworks/UIFoundation.framework/Versions/A/UIFoundation
0x00007fff2fe54000 	/System/Library/PrivateFrameworks/RemoteViewServices.framework/Versions/A/RemoteViewServices
0x00007fff28be1000 	/System/Library/PrivateFrameworks/XCTTargetBootstrap.framework/Versions/A/XCTTargetBootstrap
0x00007fff2b930000 	/usr/lib/libspindump.dylib
0x00007fff23aff000 	/System/Library/Frameworks/UniformTypeIdentifiers.framework/Versions/A/UniformTypeIdentifiers
0x00007fff273b7000 	/usr/lib/libapp_launch_measurement.dylib
0x00007fff273ba000 	/System/Library/PrivateFrameworks/CoreAutoLayout.framework/Versions/A/CoreAutoLayout
0x00007fff28543000 	/System/Library/Frameworks/Metal.framework/Versions/A/Metal
0x00007fff29237000 	/usr/lib/liblangid.dylib
0x00007fff28be5000 	/System/Library/PrivateFrameworks/CoreSVG.framework/Versions/A/CoreSVG
0x00007fff24ae6000 	/System/Library/PrivateFrameworks/SkyLight.framework/Versions/A/SkyLight
0x00007fff24e4d000 	/System/Library/Frameworks/CoreGraphics.framework/Versions/A/CoreGraphics
0x00007fff304ab000 	/System/Library/Frameworks/Accelerate.framework/Versions/A/Accelerate
0x00007fff2b36b000 	/System/Library/PrivateFrameworks/IconServices.framework/Versions/A/IconServices
0x00007fff28528000 	/System/Library/Frameworks/IOSurface.framework/Versions/A/IOSurface
0x00007fff26397000 	/usr/lib/libDiagnosticMessagesClient.dylib
0x00007fff28bcd000 	/System/Library/PrivateFrameworks/DFRFoundation.framework/Versions/A/DFRFoundation
0x00007fff22472000 	/usr/lib/libicucore.A.dylib
0x00007fff2ce75000 	/System/Library/Frameworks/AudioToolbox.framework/Versions/A/AudioToolbox
0x00007fff2c11a000 	/System/Library/PrivateFrameworks/DataDetectorsCore.framework/Versions/A/DataDetectorsCore
0x00007fff288cd000 	/System/Library/Frameworks/Carbon.framework/Versions/A/Frameworks/HIToolbox.framework/Versions/A/HIToolbox
0x00007fff26e12000 	/System/Library/Frameworks/QuartzCore.framework/Versions/A/QuartzCore
0x00007fff2fe90000 	/System/Library/Frameworks/Carbon.framework/Versions/A/Frameworks/SpeechRecognition.framework/Versions/A/SpeechRecognition
0x00007fff2711f000 	/System/Library/PrivateFrameworks/CoreUI.framework/Versions/A/CoreUI
0x00007fff21a7b000 	/System/Library/Frameworks/CoreAudio.framework/Versions/A/CoreAudio
0x00007fff26482000 	/System/Library/Frameworks/DiskArbitration.framework/Versions/A/DiskArbitration
0x00007fff2bd2a000 	/System/Library/PrivateFrameworks/MultitouchSupport.framework/Versions/A/MultitouchSupport
0x00007fff2c111000 	/System/Library/PrivateFrameworks/InternationalSupport.framework/Versions/A/InternationalSupport
0x00007fff24a5a000 	/usr/lib/libenergytrace.dylib
0x00007fff22a40000 	/System/Library/Frameworks/IOKit.framework/Versions/A/IOKit
0x00007fff301dd000 	/System/Library/Frameworks/CoreServices.framework/Versions/A/CoreServices
0x00007fff2734d000 	/System/Library/PrivateFrameworks/PerformanceAnalysis.framework/Versions/A/PerformanceAnalysis
0x00007fff6cb53000 	/System/Library/Frameworks/OpenGL.framework/Versions/A/OpenGL
0x00007fff2c196000 	/System/Library/PrivateFrameworks/UserActivity.framework/Versions/A/UserActivity
0x00007fff25507000 	/System/Library/Frameworks/ColorSync.framework/Versions/A/ColorSync
0x00007fff28e4e000 	/System/Library/Frameworks/CoreImage.framework/Versions/A/CoreImage
0x00007fff21892000 	/System/Library/Frameworks/CoreText.framework/Versions/A/CoreText
0x00007fff28c0f000 	/System/Library/Frameworks/ImageIO.framework/Versions/A/ImageIO
0x00007fff2a698000 	/System/Library/PrivateFrameworks/SoftLinking.framework/Versions/A/SoftLinking
0x00007fff27403000 	/usr/lib/libxml2.2.dylib
0x00007fff20296000 	/usr/lib/libc++.1.dylib
0x00007fff2a90a000 	/usr/lib/libcompression.dylib
0x00007fff24a5b000 	/usr/lib/libMobileGestalt.dylib
0x00007fff2c044000 	/System/Library/PrivateFrameworks/TextureIO.framework/Versions/A/TextureIO
0x00007fff2aff8000 	/usr/lib/libate.dylib
0x00007fff2a68c000 	/usr/lib/system/libcache.dylib
0x00007fff2a648000 	/usr/lib/system/libcommonCrypto.dylib
0x00007fff2a672000 	/usr/lib/system/libcompiler_rt.dylib
0x00007fff2a667000 	/usr/lib/system/libcopyfile.dylib
0x00007fff200be000 	/usr/lib/system/libcorecrypto.dylib
0x00007fff2018b000 	/usr/lib/system/libdispatch.dylib
0x00007fff20340000 	/usr/lib/system/libdyld.dylib
0x00007fff2a683000 	/usr/lib/system/libkeymgr.dylib
0x00007fff2dc27000 	/usr/lib/system/liblaunch.dylib
0x00007fff2a626000 	/usr/lib/system/libmacho.dylib
0x00007fff29e3b000 	/usr/lib/system/libquarantine.dylib
0x00007fff2a680000 	/usr/lib/system/libremovefile.dylib
0x00007fff24ab7000 	/usr/lib/system/libsystem_asl.dylib
0x00007fff2006e000 	/usr/lib/system/libsystem_blocks.dylib
0x00007fff2020d000 	/usr/lib/system/libsystem_c.dylib
0x00007fff2a67a000 	/usr/lib/system/libsystem_collections.dylib
0x00007fff29228000 	/usr/lib/system/libsystem_configuration.dylib
0x00007fff28517000 	/usr/lib/system/libsystem_containermanager.dylib
0x00007fff2a3be000 	/usr/lib/system/libsystem_coreservices.dylib
0x00007fff226d4000 	/usr/lib/system/libsystem_darwin.dylib
0x00007fff2a684000 	/usr/lib/system/libsystem_dnssd.dylib
0x00007fff2020a000 	/usr/lib/system/libsystem_featureflags.dylib
0x00007fff20385000 	/usr/lib/system/libsystem_info.dylib
0x00007fff2a5d9000 	/usr/lib/system/libsystem_m.dylib
0x00007fff2015e000 	/usr/lib/system/libsystem_malloc.dylib
0x00007fff24a4b000 	/usr/lib/system/libsystem_networkextension.dylib
0x00007fff22aef000 	/usr/lib/system/libsystem_notify.dylib
0x00007fff300db000 	/usr/lib/system/libsystem_product_info_filter.dylib
0x00007fff2922c000 	/usr/lib/system/libsystem_sandbox.dylib
0x00007fff2a67d000 	/usr/lib/system/libsystem_secinit.dylib
0x00007fff20305000 	/usr/lib/system/libsystem_kernel.dylib
0x00007fff2037b000 	/usr/lib/system/libsystem_platform.dylib
0x00007fff20334000 	/usr/lib/system/libsystem_pthread.dylib
0x00007fff261e5000 	/usr/lib/system/libsystem_symptoms.dylib
0x00007fff200a6000 	/usr/lib/system/libsystem_trace.dylib
0x00007fff2a654000 	/usr/lib/system/libunwind.dylib
0x00007fff20070000 	/usr/lib/system/libxpc.dylib
0x00007fff202ec000 	/usr/lib/libc++abi.dylib
0x00007fff2a65f000 	/usr/lib/liboah.dylib
0x00007fff2ad23000 	/usr/lib/liblzma.5.dylib
0x00007fff20da7000 	/System/Library/Frameworks/SystemConfiguration.framework/Versions/A/SystemConfiguration
0x00007fff2a694000 	/usr/lib/libfakelink.dylib
0x00007fff245ad000 	/System/Library/Frameworks/CFNetwork.framework/Versions/A/CFNetwork
0x00007fff2a7d4000 	/usr/lib/libarchive.2.dylib
0x00007fff20e25000 	/usr/lib/libCRFSuite.dylib
0x00007fff29e62000 	/usr/lib/libbsm.0.dylib
0x00007fff23f69000 	/usr/lib/libnetwork.dylib
0x00007fff2a699000 	/usr/lib/libpcap.A.dylib
0x00007fff261de000 	/usr/lib/libdns_services.dylib
0x00007fff2ad3c000 	/usr/lib/libcoretls_cfhelpers.dylib
0x00007fff2a8d8000 	/usr/lib/libapple_nghttp2.dylib
0x00007fff2a62c000 	/usr/lib/system/libkxld.dylib
0x00007fff25e4c000 	/usr/lib/libsqlite3.dylib
0x00007fff2a3a0000 	/System/Library/PrivateFrameworks/AppleFSCompression.framework/Versions/A/AppleFSCompression
0x00007fff29e4a000 	/usr/lib/libcoretls.dylib
0x00007fff2a905000 	/usr/lib/libpam.2.dylib
0x00007fff2ae39000 	/usr/lib/libxar.1.dylib
0x00007fff29233000 	/System/Library/PrivateFrameworks/AppleSystemInfo.framework/Versions/A/AppleSystemInfo
0x00007fff29a8d000 	/System/Library/PrivateFrameworks/IOMobileFramebuffer.framework/Versions/A/IOMobileFramebuffer
0x00007fff2a3b0000 	/usr/lib/libbz2.1.0.dylib
0x00007fff2a6d1000 	/usr/lib/libiconv.2.dylib
0x00007fff2a625000 	/usr/lib/libcharset.1.dylib
0x00007fff27389000 	/System/Library/Frameworks/CoreServices.framework/Versions/A/Frameworks/FSEvents.framework/Versions/A/FSEvents
0x00007fff226de000 	/System/Library/Frameworks/CoreServices.framework/Versions/A/Frameworks/CarbonCore.framework/Versions/A/CarbonCore
0x00007fff263e7000 	/System/Library/Frameworks/CoreServices.framework/Versions/A/Frameworks/Metadata.framework/Versions/A/Metadata
0x00007fff2a3c3000 	/System/Library/Frameworks/CoreServices.framework/Versions/A/Frameworks/OSServices.framework/Versions/A/OSServices
0x00007fff2a846000 	/System/Library/Frameworks/CoreServices.framework/Versions/A/Frameworks/SearchKit.framework/Versions/A/SearchKit
0x00007fff26168000 	/System/Library/Frameworks/CoreServices.framework/Versions/A/Frameworks/AE.framework/Versions/A/AE
0x00007fff2084d000 	/System/Library/Frameworks/CoreServices.framework/Versions/A/Frameworks/LaunchServices.framework/Versions/A/LaunchServices
0x00007fff2acd4000 	/System/Library/Frameworks/CoreServices.framework/Versions/A/Frameworks/DictionaryServices.framework/Versions/A/DictionaryServices
0x00007fff27392000 	/System/Library/Frameworks/CoreServices.framework/Versions/A/Frameworks/SharedFileList.framework/Versions/A/SharedFileList
0x00007fff29e3e000 	/usr/lib/libCheckFix.dylib
0x00007fff24ace000 	/System/Library/PrivateFrameworks/TCC.framework/Versions/A/TCC
0x00007fff29239000 	/System/Library/PrivateFrameworks/CoreNLP.framework/Versions/A/CoreNLP
0x00007fff2639a000 	/System/Library/PrivateFrameworks/MetadataUtilities.framework/Versions/A/MetadataUtilities
0x00007fff20e5b000 	/usr/lib/libmecabra.dylib
0x00007fff2a152000 	/System/Library/Frameworks/MLCompute.framework/Versions/A/MLCompute
0x00007fff29e73000 	/usr/lib/libmecab.dylib
0x00007fff29ebd000 	/usr/lib/libgermantok.dylib
0x00007fff2a8ae000 	/usr/lib/libThaiTokenizer.dylib
0x00007fff2ae74000 	/usr/lib/libChineseTokenizer.dylib
0x00007fff2a903000 	/System/Library/Frameworks/MetalPerformanceShaders.framework/Versions/A/MetalPerformanceShaders
0x00007fff26489000 	/System/Library/Frameworks/Accelerate.framework/Versions/A/Frameworks/vImage.framework/Versions/A/vImage
0x00007fff301b6000 	/System/Library/Frameworks/Accelerate.framework/Versions/A/Frameworks/vecLib.framework/Versions/A/vecLib
0x00007fff2ae7f000 	/System/Library/Frameworks/Accelerate.framework/Versions/A/Frameworks/vecLib.framework/Versions/A/libvMisc.dylib
0x00007fff298e9000 	/System/Library/Frameworks/Accelerate.framework/Versions/A/Frameworks/vecLib.framework/Versions/A/libvDSP.dylib
0x00007fff20b51000 	/System/Library/Frameworks/Accelerate.framework/Versions/A/Frameworks/vecLib.framework/Versions/A/libBLAS.dylib
0x00007fff2a929000 	/System/Library/Frameworks/Accelerate.framework/Versions/A/Frameworks/vecLib.framework/Versions/A/libLAPACK.dylib
0x00007fff29ec3000 	/System/Library/Frameworks/Accelerate.framework/Versions/A/Frameworks/vecLib.framework/Versions/A/libLinearAlgebra.dylib
0x00007fff2a8f0000 	/System/Library/Frameworks/Accelerate.framework/Versions/A/Frameworks/vecLib.framework/Versions/A/libSparseBLAS.dylib
0x00007fff2a923000 	/System/Library/Frameworks/Accelerate.framework/Versions/A/Frameworks/vecLib.framework/Versions/A/libQuadrature.dylib
0x00007fff292e1000 	/System/Library/Frameworks/Accelerate.framework/Versions/A/Frameworks/vecLib.framework/Versions/A/libBNNS.dylib
0x00007fff20d38000 	/System/Library/Frameworks/Accelerate.framework/Versions/A/Frameworks/vecLib.framework/Versions/A/libSparse.dylib
0x00007fff291cc000 	/System/Library/Frameworks/MetalPerformanceShaders.framework/Versions/A/Frameworks/MPSCore.framework/Versions/A/MPSCore
0x00007fff2a30f000 	/System/Library/Frameworks/MetalPerformanceShaders.framework/Versions/A/Frameworks/MPSImage.framework/Versions/A/MPSImage
0x00007fff29eda000 	/System/Library/Frameworks/MetalPerformanceShaders.framework/Versions/A/Frameworks/MPSNeuralNetwork.framework/Versions/A/MPSNeuralNetwork
0x00007fff2a29a000 	/System/Library/Frameworks/MetalPerformanceShaders.framework/Versions/A/Frameworks/MPSMatrix.framework/Versions/A/MPSMatrix
0x00007fff2a102000 	/System/Library/Frameworks/MetalPerformanceShaders.framework/Versions/A/Frameworks/MPSRayIntersector.framework/Versions/A/MPSRayIntersector
0x00007fff2a2d1000 	/System/Library/Frameworks/MetalPerformanceShaders.framework/Versions/A/Frameworks/MPSNDArray.framework/Versions/A/MPSNDArray
0x00007fff20a7d000 	/System/Library/PrivateFrameworks/MetalTools.framework/Versions/A/MetalTools
0x00007fff29231000 	/System/Library/PrivateFrameworks/AggregateDictionary.framework/Versions/A/AggregateDictionary
0x00007fff26372000 	/System/Library/PrivateFrameworks/CoreAnalytics.framework/Versions/A/CoreAnalytics
0x00007fff2a8b0000 	/System/Library/PrivateFrameworks/AppleSauce.framework/Versions/A/AppleSauce
0x00007fff2853a000 	/System/Library/PrivateFrameworks/IOAccelerator.framework/Versions/A/IOAccelerator
0x00007fff6cb47000 	/System/Library/Frameworks/OpenGL.framework/Versions/A/Libraries/libCoreFSCache.dylib
0x00007fff213f7000 	/System/Library/PrivateFrameworks/LanguageModeling.framework/Versions/A/LanguageModeling
0x00007fff29a7a000 	/System/Library/PrivateFrameworks/CoreEmoji.framework/Versions/A/CoreEmoji
0x00007fff292da000 	/System/Library/PrivateFrameworks/LinguisticData.framework/Versions/A/LinguisticData
0x00007fff20cea000 	/System/Library/PrivateFrameworks/Lexicon.framework/Versions/A/Lexicon
0x00007fff2a7c2000 	/usr/lib/libcmph.dylib
0x00007fff27369000 	/System/Library/Frameworks/OpenDirectory.framework/Versions/A/Frameworks/CFOpenDirectory.framework/Versions/A/CFOpenDirectory
0x00007fff27359000 	/System/Library/Frameworks/OpenDirectory.framework/Versions/A/OpenDirectory
0x00007fff2ad3e000 	/System/Library/PrivateFrameworks/APFS.framework/Versions/A/APFS
0x00007fff29d9f000 	/System/Library/Frameworks/SecurityFoundation.framework/Versions/A/SecurityFoundation
0x00007fff2ae47000 	/usr/lib/libutil.dylib
0x00007fff22a05000 	/System/Library/PrivateFrameworks/CoreServicesStore.framework/Versions/A/CoreServicesStore
0x00007fff29e36000 	/System/Library/Frameworks/ServiceManagement.framework/Versions/A/ServiceManagement
0x00007fff2ae4b000 	/usr/lib/libxslt.1.dylib
0x00007fff29e2c000 	/System/Library/PrivateFrameworks/BackgroundTaskManagement.framework/Versions/A/BackgroundTaskManagement
0x00007fff2bf8f000 	/System/Library/Frameworks/ImageIO.framework/Versions/A/Resources/libRadiance.dylib
0x00007fff2bf98000 	/System/Library/Frameworks/ImageIO.framework/Versions/A/Resources/libJPEG.dylib
0x00007fff2bee4000 	/System/Library/Frameworks/ImageIO.framework/Versions/A/Resources/libPng.dylib
0x00007fff2bf0b000 	/System/Library/Frameworks/ImageIO.framework/Versions/A/Resources/libTIFF.dylib
0x00007fff2bfed000 	/System/Library/Frameworks/ImageIO.framework/Versions/A/Resources/libGIF.dylib
0x00007fff2bc48000 	/System/Library/Frameworks/ImageIO.framework/Versions/A/Resources/libJP2.dylib
0x00007fff2b332000 	/usr/lib/libexpat.1.dylib
0x00007fff2bbfd000 	/System/Library/PrivateFrameworks/AppleJPEG.framework/Versions/A/AppleJPEG
0x00007fff28770000 	/System/Library/PrivateFrameworks/FontServices.framework/libFontParser.dylib
0x00007fff2611c000 	/System/Library/PrivateFrameworks/RunningBoardServices.framework/Versions/A/RunningBoardServices
0x00007fff2bd26000 	/System/Library/PrivateFrameworks/WatchdogClient.framework/Versions/A/WatchdogClient
0x00007fff214e4000 	/System/Library/Frameworks/CoreDisplay.framework/Versions/A/CoreDisplay
0x00007fff28686000 	/System/Library/Frameworks/CoreMedia.framework/Versions/A/CoreMedia
0x00007fff274e6000 	/System/Library/Frameworks/CoreVideo.framework/Versions/A/CoreVideo
0x00007fff2bd5e000 	/System/Library/Frameworks/VideoToolbox.framework/Versions/A/VideoToolbox
0x00007fff2609a000 	/System/Library/PrivateFrameworks/BaseBoard.framework/Versions/A/BaseBoard
0x00007fff2b477000 	/System/Library/PrivateFrameworks/PersistentConnection.framework/Versions/A/PersistentConnection
0x00007fff25e35000 	/System/Library/PrivateFrameworks/ProtocolBuffer.framework/Versions/A/ProtocolBuffer
0x00007fff26081000 	/System/Library/PrivateFrameworks/CommonUtilities.framework/Versions/A/CommonUtilities
0x00007fff2bb92000 	/System/Library/PrivateFrameworks/Bom.framework/Versions/A/Bom
0x00007fff2bf88000 	/System/Library/PrivateFrameworks/GPUWrangler.framework/Versions/A/GPUWrangler
0x00007fff2bf6b000 	/System/Library/PrivateFrameworks/IOPresentment.framework/Versions/A/IOPresentment
0x00007fff2bf92000 	/System/Library/PrivateFrameworks/DSExternalDisplay.framework/Versions/A/DSExternalDisplay
0x00007fff2bff2000 	/System/Library/PrivateFrameworks/CMCaptureCore.framework/Versions/A/CMCaptureCore
0x00007fff2b917000 	/System/Library/PrivateFrameworks/AppServerSupport.framework/Versions/A/AppServerSupport
0x00007fff2d9c6000 	/System/Library/PrivateFrameworks/perfdata.framework/Versions/A/perfdata
0x00007fff29d8e000 	/System/Library/PrivateFrameworks/AssertionServices.framework/Versions/A/AssertionServices
0x00007fff2161b000 	/System/Library/PrivateFrameworks/AudioToolboxCore.framework/Versions/A/AudioToolboxCore
0x00007fff28669000 	/System/Library/PrivateFrameworks/caulk.framework/Versions/A/caulk
0x00007fff3d671000 	/System/Library/PrivateFrameworks/SystemPolicy.framework/Versions/A/SystemPolicy
0x00007fff2b127000 	/usr/lib/libIOReport.dylib
0x00007fff2d1e8000 	/usr/lib/libSMC.dylib
0x00007fff2beb1000 	/usr/lib/libAudioToolboxUtility.dylib
0x00007fff3dfdb000 	/usr/lib/libmis.dylib
0x00007fff6cba3000 	/System/Library/Frameworks/OpenGL.framework/Versions/A/Libraries/libGLU.dylib
0x00007fff6cb66000 	/System/Library/Frameworks/OpenGL.framework/Versions/A/Libraries/libGFXShared.dylib
0x00007fff6cd75000 	/System/Library/Frameworks/OpenGL.framework/Versions/A/Libraries/libGL.dylib
0x00007fff6cb6f000 	/System/Library/Frameworks/OpenGL.framework/Versions/A/Libraries/libGLImage.dylib
0x00007fff6cb63000 	/System/Library/Frameworks/OpenGL.framework/Versions/A/Libraries/libCVMSPluginSupport.dylib
0x00007fff6cb4e000 	/System/Library/Frameworks/OpenGL.framework/Versions/A/Libraries/libCoreVMClient.dylib
0x00007fff6e1b6000 	/System/Library/Frameworks/OpenCL.framework/Versions/A/OpenCL
0x00007fff2b4a1000 	/System/Library/PrivateFrameworks/GraphVisualizer.framework/Versions/A/GraphVisualizer
0x00007fff2b4b0000 	/System/Library/PrivateFrameworks/FaceCore.framework/Versions/A/FaceCore
0x00007fff2b8cc000 	/System/Library/PrivateFrameworks/OTSVG.framework/Versions/A/OTSVG
0x00007fff270dd000 	/System/Library/Frameworks/ApplicationServices.framework/Versions/A/Frameworks/ATS.framework/Versions/A/Resources/libFontRegistry.dylib
0x00007fff2b91e000 	/System/Library/PrivateFrameworks/FontServices.framework/libhvf.dylib
0x00007fff2b2de000 	/System/Library/PrivateFrameworks/AppleVA.framework/Versions/A/AppleVA
0x00007fff2d031000 	/System/Library/Frameworks/ApplicationServices.framework/Versions/A/Frameworks/ATS.framework/Versions/A/ATS
0x00007fff2d343000 	/System/Library/Frameworks/ApplicationServices.framework/Versions/A/Frameworks/ColorSyncLegacy.framework/Versions/A/ColorSyncLegacy
0x00007fff255fe000 	/System/Library/Frameworks/ApplicationServices.framework/Versions/A/Frameworks/HIServices.framework/Versions/A/HIServices
0x00007fff2d328000 	/System/Library/Frameworks/ApplicationServices.framework/Versions/A/Frameworks/LangAnalysis.framework/Versions/A/LangAnalysis
0x00007fff2bffc000 	/System/Library/Frameworks/ApplicationServices.framework/Versions/A/Frameworks/PrintCore.framework/Versions/A/PrintCore
0x00007fff2d34b000 	/System/Library/Frameworks/ApplicationServices.framework/Versions/A/Frameworks/QD.framework/Versions/A/QD
0x00007fff2d021000 	/System/Library/Frameworks/ApplicationServices.framework/Versions/A/Frameworks/SpeechSynthesis.framework/Versions/A/SpeechSynthesis
0x00007fff2bfbd000 	/System/Library/Frameworks/ApplicationServices.framework/Versions/A/Frameworks/ATSUI.framework/Versions/A/ATSUI
0x00007fff2d2c8000 	/usr/lib/libcups.2.dylib
0x00007fff2d338000 	/System/Library/PrivateFrameworks/NetAuth.framework/Versions/A/NetAuth
0x00007fff2d9e2000 	/System/Library/Frameworks/Kerberos.framework/Versions/A/Kerberos
0x00007fff2d9f2000 	/System/Library/Frameworks/GSS.framework/Versions/A/GSS
0x00007fff2d09d000 	/usr/lib/libresolv.9.dylib
0x00007fff2b933000 	/System/Library/PrivateFrameworks/Heimdal.framework/Versions/A/Heimdal
0x00007fff33776000 	/System/Library/Frameworks/Kerberos.framework/Versions/A/Libraries/libHeimdalProxy.dylib
0x00007fff261ed000 	/System/Library/Frameworks/Network.framework/Versions/A/Network
0x00007fff2b34c000 	/usr/lib/libheimdal-asn1.dylib
0x00007fff2da42000 	/System/Library/PrivateFrameworks/CommonAuth.framework/Versions/A/CommonAuth
0x00007fff27533000 	/System/Library/PrivateFrameworks/login.framework/Versions/A/Frameworks/loginsupport.framework/Versions/A/loginsupport
0x00007fff2cfa6000 	/System/Library/PrivateFrameworks/AudioSession.framework/Versions/A/AudioSession
0x00007fff2d00e000 	/usr/lib/libAudioStatistics.dylib
0x00007fff2b3d9000 	/System/Library/PrivateFrameworks/MediaExperience.framework/Versions/A/MediaExperience
0x00007fff2ce43000 	/System/Library/PrivateFrameworks/AudioSession.framework/libSessionUtility.dylib
0x00007fff2d9d3000 	/usr/lib/libperfcheck.dylib
0x00007fff2d357000 	/System/Library/PrivateFrameworks/AudioResourceArbitration.framework/Versions/A/AudioResourceArbitration
0x00007fff2b356000 	/System/Library/PrivateFrameworks/IconFoundation.framework/Versions/A/IconFoundation
0x00007fff2fe80000 	/System/Library/PrivateFrameworks/SpeechRecognitionCore.framework/Versions/A/SpeechRecognitionCore
0x000000010e800000 	/Applications/Android Studio.app/Contents/jre/jdk/Contents/Home/jre/lib/server/libjvm.dylib
0x00007fff78a8f000 	/usr/lib/libstdc++.6.dylib
0x000000010a52d000 	/Applications/Android Studio.app/Contents/jre/jdk/Contents/Home/jre/lib/libverify.dylib
0x000000010a554000 	/Applications/Android Studio.app/Contents/jre/jdk/Contents/Home/jre/lib/libjava.dylib
0x000000010a637000 	/Applications/Android Studio.app/Contents/jre/jdk/Contents/Home/jre/lib/libzip.dylib
0x0000000126a4b000 	/Applications/Android Studio.app/Contents/jre/jdk/Contents/Home/jre/lib/libnio.dylib
0x0000000126a82000 	/Applications/Android Studio.app/Contents/jre/jdk/Contents/Home/jre/lib/libnet.dylib
0x000000012723c000 	/Users/abhisheksmac/.gradle/native/f6784746aeab05261644944871eae4fe03e0ef1612fff0a4a95f87b438bc6780/osx-amd64/libnative-platform.dylib
0x0000000127799000 	/Applications/Android Studio.app/Contents/jre/jdk/Contents/Home/jre/lib/libmanagement.dylib

VM Arguments:
jvm_args: -Xmx2048m -Dfile.encoding=UTF-8 -Duser.country=IN -Duser.language=en -Duser.variant 
java_command: org.gradle.launcher.daemon.bootstrap.GradleDaemon 6.5
java_class_path (initial): /Users/abhisheksmac/.gradle/wrapper/dists/gradle-6.5-bin/6nifqtx7604sqp1q6g8wikw7p/gradle-6.5/lib/gradle-launcher-6.5.jar
Launcher Type: SUN_STANDARD

Environment Variables:
PATH=/usr/local/bin:/usr/bin:/bin:/usr/sbin:/sbin:/Library/Apple/usr/bin
SHELL=/bin/zsh

Signal Handlers:
SIGSEGV: [libjvm.dylib+0x565c43], sa_mask[0]=11111111111111111111111111111111, sa_flags=SA_ONSTACK|SA_RESTART|SA_SIGINFO
SIGBUS: [libjvm.dylib+0x565c43], sa_mask[0]=11111111111111111111111111111111, sa_flags=SA_RESTART|SA_SIGINFO
SIGFPE: [libjvm.dylib+0x45dd9d], sa_mask[0]=11111111111111111111111111111111, sa_flags=SA_RESTART|SA_SIGINFO
SIGPIPE: [libjvm.dylib+0x45dd9d], sa_mask[0]=11111111111111111111111111111111, sa_flags=SA_RESTART|SA_SIGINFO
SIGXFSZ: [libjvm.dylib+0x45dd9d], sa_mask[0]=11111111111111111111111111111111, sa_flags=SA_RESTART|SA_SIGINFO
SIGILL: [libjvm.dylib+0x45dd9d], sa_mask[0]=11111111111111111111111111111111, sa_flags=SA_RESTART|SA_SIGINFO
SIGUSR1: SIG_DFL, sa_mask[0]=00000000000000000000000000000000, sa_flags=none
SIGUSR2: [libjvm.dylib+0x45e69c], sa_mask[0]=00100000000000000000000000000000, sa_flags=SA_RESTART|SA_SIGINFO
SIGHUP: [libjvm.dylib+0x45c8c1], sa_mask[0]=11111111111111111111111111111111, sa_flags=SA_RESTART|SA_SIGINFO
SIGINT: [libjvm.dylib+0x45c8c1], sa_mask[0]=11111111111111111111111111111111, sa_flags=SA_RESTART|SA_SIGINFO
SIGTERM: [libjvm.dylib+0x45c8c1], sa_mask[0]=11111111111111111111111111111111, sa_flags=SA_RESTART|SA_SIGINFO
SIGQUIT: [libjvm.dylib+0x45c8c1], sa_mask[0]=11111111111111111111111111111111, sa_flags=SA_RESTART|SA_SIGINFO


---------------  S Y S T E M  ---------------

OS:Bsduname:Darwin 20.3.0 Darwin Kernel Version 20.3.0: Thu Jan 21 00:06:51 PST 2021; root:xnu-7195.81.3~1/RELEASE_ARM64_T8101 x86_64
rlimit: STACK 8176k, CORE 0k, NPROC 1333, NOFILE 10240, AS infinity
load average:3.65 2.52 2.37

CPU:total 8 (initial active 8) (1 cores per cpu, 1 threads per core) family 6 model 44 stepping 0, cmov, cx8, fxsr, mmx, sse, sse2, sse3, ssse3, sse4.1, sse4.2, popcnt, aes, clmul, tsc, tscinvbit, tscinv

Memory: 4k page, physical 8388608k(298716k free)

/proc/meminfo:


vm_info: OpenJDK 64-Bit Server VM (25.242-b3-6915495) for bsd-amd64 JRE (1.8.0_242-release-1644-b3-6915495), built by "android-build" with gcc 4.2.1 Compatible Android (5484270 based on r353983c) Clang 9.0.3 (https://android.googlesource.com/toolchain/clang 745b335211bb9eadfa6aa6301f84715cee4b37c5) (https://android.googlesource.com/toolchain/llvm 60cf23e54e46c807513f7a36d0a7b777920b5881)

time: Tue Apr 13 18:59:36 2021
timezone: IST
elapsed time: 13 seconds (0d 0h 0m 13s)

